This file contains any messages produced by compilers while
running configure, to aid debugging if configure makes a mistake.

It was created by GNU Hello configure 2.7, which was
generated by GNU Autoconf 2.68.  Invocation command line was

  $ ./configure 

## --------- ##
## Platform. ##
## --------- ##

hostname = kali
uname -m = x86_64
uname -r = 4.14.0-kali3-amd64
uname -s = Linux
uname -v = #1 SMP Debian 4.14.12-2kali1 (2018-01-08)

/usr/bin/uname -p = unknown
/bin/uname -X     = unknown

/bin/arch              = unknown
/usr/bin/arch -k       = unknown
/usr/convex/getsysinfo = unknown
/usr/bin/hostinfo      = unknown
/bin/machine           = unknown
/usr/bin/oslevel       = unknown
/bin/universe          = unknown

PATH: /usr/local/sbin
PATH: /usr/local/bin
PATH: /usr/sbin
PATH: /usr/bin
PATH: /sbin
PATH: /bin


## ----------- ##
## Core tests. ##
## ----------- ##

configure:2834: checking for a BSD-compatible install
configure:2902: result: /usr/bin/install -c
configure:2913: checking whether build environment is sane
configure:2963: result: yes
configure:3104: checking for a thread-safe mkdir -p
configure:3143: result: /bin/mkdir -p
configure:3157: checking for gawk
configure:3173: found /usr/bin/gawk
configure:3184: result: gawk
configure:3195: checking whether make sets $(MAKE)
configure:3217: result: yes
configure:3354: checking for gcc
configure:3370: found /usr/bin/gcc
configure:3381: result: gcc
configure:3610: checking for C compiler version
configure:3619: gcc --version >&5
gcc (Debian 7.2.0-18) 7.2.0
Copyright (C) 2017 Free Software Foundation, Inc.
This is free software; see the source for copying conditions.  There is NO
warranty; not even for MERCHANTABILITY or FITNESS FOR A PARTICULAR PURPOSE.

configure:3630: $? = 0
configure:3619: gcc -v >&5
Using built-in specs.
COLLECT_GCC=gcc
COLLECT_LTO_WRAPPER=/usr/lib/gcc/x86_64-linux-gnu/7/lto-wrapper
OFFLOAD_TARGET_NAMES=nvptx-none
OFFLOAD_TARGET_DEFAULT=1
Target: x86_64-linux-gnu
Configured with: ../src/configure -v --with-pkgversion='Debian 7.2.0-18' --with-bugurl=file:///usr/share/doc/gcc-7/README.Bugs --enable-languages=c,ada,c++,go,brig,d,fortran,objc,obj-c++ --prefix=/usr --with-gcc-major-version-only --program-suffix=-7 --program-prefix=x86_64-linux-gnu- --enable-shared --enable-linker-build-id --libexecdir=/usr/lib --without-included-gettext --enable-threads=posix --libdir=/usr/lib --enable-nls --with-sysroot=/ --enable-clocale=gnu --enable-libstdcxx-debug --enable-libstdcxx-time=yes --with-default-libstdcxx-abi=new --enable-gnu-unique-object --disable-vtable-verify --enable-libmpx --enable-plugin --enable-default-pie --with-system-zlib --with-target-system-zlib --enable-objc-gc=auto --enable-multiarch --disable-werror --with-arch-32=i686 --with-abi=m64 --with-multilib-list=m32,m64,mx32 --enable-multilib --with-tune=generic --enable-offload-targets=nvptx-none --without-cuda-driver --enable-checking=release --build=x86_64-linux-gnu --host=x86_64-linux-gnu --target=x86_64-linux-gnu
Thread model: posix
gcc version 7.2.0 (Debian 7.2.0-18) 
configure:3630: $? = 0
configure:3619: gcc -V >&5
gcc: error: unrecognized command line option '-V'
gcc: fatal error: no input files
compilation terminated.
configure:3630: $? = 1
configure:3619: gcc -qversion >&5
gcc: error: unrecognized command line option '-qversion'; did you mean '--version'?
gcc: fatal error: no input files
compilation terminated.
configure:3630: $? = 1
configure:3650: checking whether the C compiler works
configure:3672: gcc    conftest.c  >&5
configure:3676: $? = 0
configure:3724: result: yes
configure:3727: checking for C compiler default output file name
configure:3729: result: a.out
configure:3735: checking for suffix of executables
configure:3742: gcc -o conftest    conftest.c  >&5
configure:3746: $? = 0
configure:3768: result: 
configure:3790: checking whether we are cross compiling
configure:3798: gcc -o conftest    conftest.c  >&5
configure:3802: $? = 0
configure:3809: ./conftest
configure:3813: $? = 0
configure:3828: result: no
configure:3833: checking for suffix of object files
configure:3855: gcc -c   conftest.c >&5
configure:3859: $? = 0
configure:3880: result: o
configure:3884: checking whether we are using the GNU C compiler
configure:3903: gcc -c   conftest.c >&5
configure:3903: $? = 0
configure:3912: result: yes
configure:3921: checking whether gcc accepts -g
configure:3941: gcc -c -g  conftest.c >&5
configure:3941: $? = 0
configure:3982: result: yes
configure:3999: checking for gcc option to accept ISO C89
configure:4063: gcc  -c -g -O2  conftest.c >&5
configure:4063: $? = 0
configure:4076: result: none needed
configure:4107: checking for style of include used by make
configure:4135: result: GNU
configure:4160: checking dependency style of gcc
configure:4270: result: gcc3
configure:4332: checking for ranlib
configure:4348: found /usr/bin/ranlib
configure:4359: result: ranlib
configure:4385: checking build system type
configure:4399: result: x86_64-unknown-linux-gnu
configure:4419: checking host system type
configure:4432: result: x86_64-unknown-linux-gnu
configure:4458: checking how to run the C preprocessor
configure:4489: gcc -E  conftest.c
configure:4489: $? = 0
configure:4503: gcc -E  conftest.c
conftest.c:11:10: fatal error: ac_nonexistent.h: No such file or directory
 #include <ac_nonexistent.h>
          ^~~~~~~~~~~~~~~~~~
compilation terminated.
configure:4503: $? = 1
configure: failed program was:
| /* confdefs.h */
| #define PACKAGE_NAME "GNU Hello"
| #define PACKAGE_TARNAME "hello"
| #define PACKAGE_VERSION "2.7"
| #define PACKAGE_STRING "GNU Hello 2.7"
| #define PACKAGE_BUGREPORT "bug-hello@gnu.org"
| #define PACKAGE_URL "http://www.gnu.org/software/hello/"
| #define PACKAGE "hello"
| #define VERSION "2.7"
| /* end confdefs.h.  */
| #include <ac_nonexistent.h>
configure:4528: result: gcc -E
configure:4548: gcc -E  conftest.c
configure:4548: $? = 0
configure:4562: gcc -E  conftest.c
conftest.c:11:10: fatal error: ac_nonexistent.h: No such file or directory
 #include <ac_nonexistent.h>
          ^~~~~~~~~~~~~~~~~~
compilation terminated.
configure:4562: $? = 1
configure: failed program was:
| /* confdefs.h */
| #define PACKAGE_NAME "GNU Hello"
| #define PACKAGE_TARNAME "hello"
| #define PACKAGE_VERSION "2.7"
| #define PACKAGE_STRING "GNU Hello 2.7"
| #define PACKAGE_BUGREPORT "bug-hello@gnu.org"
| #define PACKAGE_URL "http://www.gnu.org/software/hello/"
| #define PACKAGE "hello"
| #define VERSION "2.7"
| /* end confdefs.h.  */
| #include <ac_nonexistent.h>
configure:4591: checking for grep that handles long lines and -e
configure:4649: result: /bin/grep
configure:4654: checking for egrep
configure:4716: result: /bin/grep -E
configure:4721: checking for ANSI C header files
configure:4741: gcc -c -g -O2  conftest.c >&5
configure:4741: $? = 0
configure:4814: gcc -o conftest -g -O2   conftest.c  >&5
configure:4814: $? = 0
configure:4814: ./conftest
configure:4814: $? = 0
configure:4825: result: yes
configure:4838: checking for sys/types.h
configure:4838: gcc -c -g -O2  conftest.c >&5
configure:4838: $? = 0
configure:4838: result: yes
configure:4838: checking for sys/stat.h
configure:4838: gcc -c -g -O2  conftest.c >&5
configure:4838: $? = 0
configure:4838: result: yes
configure:4838: checking for stdlib.h
configure:4838: gcc -c -g -O2  conftest.c >&5
configure:4838: $? = 0
configure:4838: result: yes
configure:4838: checking for string.h
configure:4838: gcc -c -g -O2  conftest.c >&5
configure:4838: $? = 0
configure:4838: result: yes
configure:4838: checking for memory.h
configure:4838: gcc -c -g -O2  conftest.c >&5
configure:4838: $? = 0
configure:4838: result: yes
configure:4838: checking for strings.h
configure:4838: gcc -c -g -O2  conftest.c >&5
configure:4838: $? = 0
configure:4838: result: yes
configure:4838: checking for inttypes.h
configure:4838: gcc -c -g -O2  conftest.c >&5
configure:4838: $? = 0
configure:4838: result: yes
configure:4838: checking for stdint.h
configure:4838: gcc -c -g -O2  conftest.c >&5
configure:4838: $? = 0
configure:4838: result: yes
configure:4838: checking for unistd.h
configure:4838: gcc -c -g -O2  conftest.c >&5
configure:4838: $? = 0
configure:4838: result: yes
configure:4853: checking minix/config.h usability
configure:4853: gcc -c -g -O2  conftest.c >&5
conftest.c:54:10: fatal error: minix/config.h: No such file or directory
 #include <minix/config.h>
          ^~~~~~~~~~~~~~~~
compilation terminated.
configure:4853: $? = 1
configure: failed program was:
| /* confdefs.h */
| #define PACKAGE_NAME "GNU Hello"
| #define PACKAGE_TARNAME "hello"
| #define PACKAGE_VERSION "2.7"
| #define PACKAGE_STRING "GNU Hello 2.7"
| #define PACKAGE_BUGREPORT "bug-hello@gnu.org"
| #define PACKAGE_URL "http://www.gnu.org/software/hello/"
| #define PACKAGE "hello"
| #define VERSION "2.7"
| #define STDC_HEADERS 1
| #define HAVE_SYS_TYPES_H 1
| #define HAVE_SYS_STAT_H 1
| #define HAVE_STDLIB_H 1
| #define HAVE_STRING_H 1
| #define HAVE_MEMORY_H 1
| #define HAVE_STRINGS_H 1
| #define HAVE_INTTYPES_H 1
| #define HAVE_STDINT_H 1
| #define HAVE_UNISTD_H 1
| /* end confdefs.h.  */
| #include <stdio.h>
| #ifdef HAVE_SYS_TYPES_H
| # include <sys/types.h>
| #endif
| #ifdef HAVE_SYS_STAT_H
| # include <sys/stat.h>
| #endif
| #ifdef STDC_HEADERS
| # include <stdlib.h>
| # include <stddef.h>
| #else
| # ifdef HAVE_STDLIB_H
| #  include <stdlib.h>
| # endif
| #endif
| #ifdef HAVE_STRING_H
| # if !defined STDC_HEADERS && defined HAVE_MEMORY_H
| #  include <memory.h>
| # endif
| # include <string.h>
| #endif
| #ifdef HAVE_STRINGS_H
| # include <strings.h>
| #endif
| #ifdef HAVE_INTTYPES_H
| # include <inttypes.h>
| #endif
| #ifdef HAVE_STDINT_H
| # include <stdint.h>
| #endif
| #ifdef HAVE_UNISTD_H
| # include <unistd.h>
| #endif
| #include <minix/config.h>
configure:4853: result: no
configure:4853: checking minix/config.h presence
configure:4853: gcc -E  conftest.c
conftest.c:21:10: fatal error: minix/config.h: No such file or directory
 #include <minix/config.h>
          ^~~~~~~~~~~~~~~~
compilation terminated.
configure:4853: $? = 1
configure: failed program was:
| /* confdefs.h */
| #define PACKAGE_NAME "GNU Hello"
| #define PACKAGE_TARNAME "hello"
| #define PACKAGE_VERSION "2.7"
| #define PACKAGE_STRING "GNU Hello 2.7"
| #define PACKAGE_BUGREPORT "bug-hello@gnu.org"
| #define PACKAGE_URL "http://www.gnu.org/software/hello/"
| #define PACKAGE "hello"
| #define VERSION "2.7"
| #define STDC_HEADERS 1
| #define HAVE_SYS_TYPES_H 1
| #define HAVE_SYS_STAT_H 1
| #define HAVE_STDLIB_H 1
| #define HAVE_STRING_H 1
| #define HAVE_MEMORY_H 1
| #define HAVE_STRINGS_H 1
| #define HAVE_INTTYPES_H 1
| #define HAVE_STDINT_H 1
| #define HAVE_UNISTD_H 1
| /* end confdefs.h.  */
| #include <minix/config.h>
configure:4853: result: no
configure:4853: checking for minix/config.h
configure:4853: result: no
configure:4882: checking whether it is safe to define __EXTENSIONS__
configure:4900: gcc -c -g -O2  conftest.c >&5
configure:4900: $? = 0
configure:4907: result: yes
configure:4975: checking whether the preprocessor supports include_next
configure:5013: gcc -c -g -O2  -Iconftestd1b -Iconftestd2 conftest.c >&5
configure:5013: $? = 0
configure:5034: result: yes
configure:5055: checking whether system header files limit the line length
configure:5078: result: no
configure:5089: checking for complete errno.h
configure:5144: result: yes
configure:5419: checking whether strerror_r is declared
configure:5419: gcc -c -g -O2  conftest.c >&5
configure:5419: $? = 0
configure:5419: result: yes
configure:5432: checking for strerror_r
configure:5432: gcc -o conftest -g -O2   conftest.c  >&5
configure:5432: $? = 0
configure:5432: result: yes
configure:5441: checking whether strerror_r returns char *
configure:5465: gcc -c -g -O2  conftest.c >&5
configure:5465: $? = 0
configure:5503: result: yes
configure:5511: checking for inline
configure:5527: gcc -c -g -O2  conftest.c >&5
configure:5527: $? = 0
configure:5535: result: inline
configure:5562: checking for stdio_ext.h
configure:5562: gcc -c -g -O2  conftest.c >&5
configure:5562: $? = 0
configure:5562: result: yes
configure:5562: checking for getopt.h
configure:5562: gcc -c -g -O2  conftest.c >&5
configure:5562: $? = 0
configure:5562: result: yes
configure:5562: checking for sys/socket.h
configure:5562: gcc -c -g -O2  conftest.c >&5
configure:5562: $? = 0
configure:5562: result: yes
configure:5562: checking for unistd.h
configure:5562: result: yes
configure:5562: checking for wchar.h
configure:5562: gcc -c -g -O2  conftest.c >&5
configure:5562: $? = 0
configure:5562: result: yes
configure:5562: checking for features.h
configure:5562: gcc -c -g -O2  conftest.c >&5
configure:5562: $? = 0
configure:5562: result: yes
configure:5562: checking for wctype.h
configure:5562: gcc -c -g -O2  conftest.c >&5
configure:5562: $? = 0
configure:5562: result: yes
configure:5581: checking for __fpending
configure:5581: gcc -o conftest -g -O2   conftest.c  >&5
configure:5581: $? = 0
configure:5581: result: yes
configure:5581: checking for mbsinit
configure:5581: gcc -o conftest -g -O2   conftest.c  >&5
configure:5581: $? = 0
configure:5581: result: yes
configure:5581: checking for mbrtowc
configure:5581: gcc -o conftest -g -O2   conftest.c  >&5
configure:5581: $? = 0
configure:5581: result: yes
configure:5581: checking for iswcntrl
configure:5581: gcc -o conftest -g -O2   conftest.c  >&5
conftest.c:62:6: warning: conflicting types for built-in function 'iswcntrl' [-Wbuiltin-declaration-mismatch]
 char iswcntrl ();
      ^~~~~~~~
configure:5581: $? = 0
configure:5581: result: yes
configure:5778: checking for getopt.h
configure:5778: result: yes
configure:5795: checking for getopt_long_only
configure:5795: gcc -o conftest -g -O2   conftest.c  >&5
configure:5795: $? = 0
configure:5795: result: yes
configure:5809: checking whether getopt is POSIX compatible
configure:5826: gcc -c -g -O2  conftest.c >&5
conftest.c: In function 'main':
conftest.c:46:11: error: 'optreset' undeclared (first use in this function); did you mean 'optopt'?
 int *p = &optreset; return optreset;
           ^~~~~~~~
           optopt
conftest.c:46:11: note: each undeclared identifier is reported only once for each function it appears in
configure:5826: $? = 1
configure: failed program was:
| /* confdefs.h */
| #define PACKAGE_NAME "GNU Hello"
| #define PACKAGE_TARNAME "hello"
| #define PACKAGE_VERSION "2.7"
| #define PACKAGE_STRING "GNU Hello 2.7"
| #define PACKAGE_BUGREPORT "bug-hello@gnu.org"
| #define PACKAGE_URL "http://www.gnu.org/software/hello/"
| #define PACKAGE "hello"
| #define VERSION "2.7"
| #define STDC_HEADERS 1
| #define HAVE_SYS_TYPES_H 1
| #define HAVE_SYS_STAT_H 1
| #define HAVE_STDLIB_H 1
| #define HAVE_STRING_H 1
| #define HAVE_MEMORY_H 1
| #define HAVE_STRINGS_H 1
| #define HAVE_INTTYPES_H 1
| #define HAVE_STDINT_H 1
| #define HAVE_UNISTD_H 1
| #define __EXTENSIONS__ 1
| #define _ALL_SOURCE 1
| #define _GNU_SOURCE 1
| #define _POSIX_PTHREAD_SEMANTICS 1
| #define _TANDEM_SOURCE 1
| #define HAVE_DECL_STRERROR_R 1
| #define HAVE_STRERROR_R 1
| #define STRERROR_R_CHAR_P 1
| #define HAVE_STDIO_EXT_H 1
| #define HAVE_GETOPT_H 1
| #define HAVE_SYS_SOCKET_H 1
| #define HAVE_UNISTD_H 1
| #define HAVE_WCHAR_H 1
| #define HAVE_FEATURES_H 1
| #define HAVE_WCTYPE_H 1
| #define HAVE___FPENDING 1
| #define HAVE_MBSINIT 1
| #define HAVE_MBRTOWC 1
| #define HAVE_ISWCNTRL 1
| #define HAVE_GETOPT_H 1
| #define HAVE_GETOPT_LONG_ONLY 1
| /* end confdefs.h.  */
| #include <unistd.h>
| int
| main ()
| {
| int *p = &optreset; return optreset;
|   ;
|   return 0;
| }
configure:5840: gcc -c -g -O2  conftest.c >&5
conftest.c: In function 'main':
conftest.c:46:9: error: 'getopt_clip' undeclared (first use in this function); did you mean 'getopt_long'?
 return !getopt_clip;
         ^~~~~~~~~~~
         getopt_long
conftest.c:46:9: note: each undeclared identifier is reported only once for each function it appears in
configure:5840: $? = 1
configure: failed program was:
| /* confdefs.h */
| #define PACKAGE_NAME "GNU Hello"
| #define PACKAGE_TARNAME "hello"
| #define PACKAGE_VERSION "2.7"
| #define PACKAGE_STRING "GNU Hello 2.7"
| #define PACKAGE_BUGREPORT "bug-hello@gnu.org"
| #define PACKAGE_URL "http://www.gnu.org/software/hello/"
| #define PACKAGE "hello"
| #define VERSION "2.7"
| #define STDC_HEADERS 1
| #define HAVE_SYS_TYPES_H 1
| #define HAVE_SYS_STAT_H 1
| #define HAVE_STDLIB_H 1
| #define HAVE_STRING_H 1
| #define HAVE_MEMORY_H 1
| #define HAVE_STRINGS_H 1
| #define HAVE_INTTYPES_H 1
| #define HAVE_STDINT_H 1
| #define HAVE_UNISTD_H 1
| #define __EXTENSIONS__ 1
| #define _ALL_SOURCE 1
| #define _GNU_SOURCE 1
| #define _POSIX_PTHREAD_SEMANTICS 1
| #define _TANDEM_SOURCE 1
| #define HAVE_DECL_STRERROR_R 1
| #define HAVE_STRERROR_R 1
| #define STRERROR_R_CHAR_P 1
| #define HAVE_STDIO_EXT_H 1
| #define HAVE_GETOPT_H 1
| #define HAVE_SYS_SOCKET_H 1
| #define HAVE_UNISTD_H 1
| #define HAVE_WCHAR_H 1
| #define HAVE_FEATURES_H 1
| #define HAVE_WCTYPE_H 1
| #define HAVE___FPENDING 1
| #define HAVE_MBSINIT 1
| #define HAVE_MBRTOWC 1
| #define HAVE_ISWCNTRL 1
| #define HAVE_GETOPT_H 1
| #define HAVE_GETOPT_LONG_ONLY 1
| /* end confdefs.h.  */
| #include <getopt.h>
| int
| main ()
| {
| return !getopt_clip;
|   ;
|   return 0;
| }
configure:5947: gcc -o conftest -g -O2  -DOPTIND_MIN=0  conftest.c  >&5
configure:5947: $? = 0
configure:5947: ./conftest
configure:5947: $? = 0
configure:5959: result: yes
configure:5967: checking for working GNU getopt function
configure:6057: gcc -o conftest -g -O2   conftest.c  >&5
configure:6057: $? = 0
configure:6057: ./conftest
configure:6057: $? = 0
configure:6073: result: yes
configure:6080: checking whether getenv is declared
configure:6080: gcc -c -g -O2  conftest.c >&5
configure:6080: $? = 0
configure:6080: result: yes
configure:6136: checking for nl_langinfo and CODESET
configure:6152: gcc -o conftest -g -O2   conftest.c  >&5
configure:6152: $? = 0
configure:6161: result: yes
configure:6171: checking for working fcntl.h
configure:6255: gcc -o conftest -g -O2   conftest.c  >&5
configure:6255: $? = 0
configure:6255: ./conftest
configure:6255: $? = 0
configure:6270: result: yes
configure:6293: checking whether getc_unlocked is declared
configure:6293: gcc -c -g -O2  conftest.c >&5
configure:6293: $? = 0
configure:6293: result: yes
configure:6305: checking whether we are using the GNU C Library >= 2.1 or uClibc
configure:6335: result: yes
configure:6436: checking for mbstate_t
configure:6460: gcc -c -g -O2  conftest.c >&5
configure:6460: $? = 0
configure:6467: result: yes
configure:6486: checking for a traditional japanese locale
configure:6556: gcc -o conftest -g -O2   conftest.c  >&5
configure:6559: $? = 0
configure:6616: result: ja_JP
configure:6624: checking for a transitional chinese locale
configure:6695: gcc -o conftest -g -O2   conftest.c  >&5
configure:6698: $? = 0
configure:6743: result: zh_CN.GB18030
configure:6750: checking for a french Unicode locale
configure:6820: gcc -o conftest -g -O2   conftest.c  >&5
configure:6823: $? = 0
configure:6869: result: fr_FR.UTF-8
configure:6874: checking for stdbool.h that conforms to C99
configure:6941: gcc -c -g -O2  conftest.c >&5
configure:6941: $? = 0
configure:6948: result: yes
configure:6950: checking for _Bool
configure:6950: gcc -c -g -O2  conftest.c >&5
configure:6950: $? = 0
configure:6950: gcc -c -g -O2  conftest.c >&5
conftest.c: In function 'main':
conftest.c:84:20: error: expected expression before ')' token
 if (sizeof ((_Bool)))
                    ^
configure:6950: $? = 1
configure: failed program was:
| /* confdefs.h */
| #define PACKAGE_NAME "GNU Hello"
| #define PACKAGE_TARNAME "hello"
| #define PACKAGE_VERSION "2.7"
| #define PACKAGE_STRING "GNU Hello 2.7"
| #define PACKAGE_BUGREPORT "bug-hello@gnu.org"
| #define PACKAGE_URL "http://www.gnu.org/software/hello/"
| #define PACKAGE "hello"
| #define VERSION "2.7"
| #define STDC_HEADERS 1
| #define HAVE_SYS_TYPES_H 1
| #define HAVE_SYS_STAT_H 1
| #define HAVE_STDLIB_H 1
| #define HAVE_STRING_H 1
| #define HAVE_MEMORY_H 1
| #define HAVE_STRINGS_H 1
| #define HAVE_INTTYPES_H 1
| #define HAVE_STDINT_H 1
| #define HAVE_UNISTD_H 1
| #define __EXTENSIONS__ 1
| #define _ALL_SOURCE 1
| #define _GNU_SOURCE 1
| #define _POSIX_PTHREAD_SEMANTICS 1
| #define _TANDEM_SOURCE 1
| #define HAVE_DECL_STRERROR_R 1
| #define HAVE_STRERROR_R 1
| #define STRERROR_R_CHAR_P 1
| #define HAVE_STDIO_EXT_H 1
| #define HAVE_GETOPT_H 1
| #define HAVE_SYS_SOCKET_H 1
| #define HAVE_UNISTD_H 1
| #define HAVE_WCHAR_H 1
| #define HAVE_FEATURES_H 1
| #define HAVE_WCTYPE_H 1
| #define HAVE___FPENDING 1
| #define HAVE_MBSINIT 1
| #define HAVE_MBRTOWC 1
| #define HAVE_ISWCNTRL 1
| #define HAVE_GETOPT_H 1
| #define HAVE_GETOPT_LONG_ONLY 1
| #define HAVE_DECL_GETENV 1
| #define HAVE_LANGINFO_CODESET 1
| #define HAVE_WORKING_O_NOATIME 1
| #define HAVE_WORKING_O_NOFOLLOW 1
| #define HAVE_DECL_GETC_UNLOCKED 1
| #define HAVE_MBSTATE_T 1
| /* end confdefs.h.  */
| #include <stdio.h>
| #ifdef HAVE_SYS_TYPES_H
| # include <sys/types.h>
| #endif
| #ifdef HAVE_SYS_STAT_H
| # include <sys/stat.h>
| #endif
| #ifdef STDC_HEADERS
| # include <stdlib.h>
| # include <stddef.h>
| #else
| # ifdef HAVE_STDLIB_H
| #  include <stdlib.h>
| # endif
| #endif
| #ifdef HAVE_STRING_H
| # if !defined STDC_HEADERS && defined HAVE_MEMORY_H
| #  include <memory.h>
| # endif
| # include <string.h>
| #endif
| #ifdef HAVE_STRINGS_H
| # include <strings.h>
| #endif
| #ifdef HAVE_INTTYPES_H
| # include <inttypes.h>
| #endif
| #ifdef HAVE_STDINT_H
| # include <stdint.h>
| #endif
| #ifdef HAVE_UNISTD_H
| # include <unistd.h>
| #endif
| int
| main ()
| {
| if (sizeof ((_Bool)))
| 	    return 0;
|   ;
|   return 0;
| }
configure:6950: result: yes
configure:6967: checking for wchar_t
configure:6984: gcc -c -g -O2  conftest.c >&5
configure:6984: $? = 0
configure:6991: result: yes
configure:7075: checking for working strerror function
configure:7113: gcc -o conftest -g -O2   conftest.c  >&5
configure:7113: $? = 0
configure:7113: ./conftest
configure:7113: $? = 0
configure:7124: result: yes
configure:7163: checking for C/C++ restrict keyword
configure:7188: gcc -c -g -O2  conftest.c >&5
configure:7188: $? = 0
configure:7196: result: __restrict
configure:7269: checking whether memmem is declared without a macro
configure:7287: gcc -c -g -O2  conftest.c >&5
configure:7287: $? = 0
configure:7295: result: yes
configure:7269: checking whether mempcpy is declared without a macro
configure:7287: gcc -c -g -O2  conftest.c >&5
configure:7287: $? = 0
configure:7295: result: yes
configure:7269: checking whether memrchr is declared without a macro
configure:7287: gcc -c -g -O2  conftest.c >&5
configure:7287: $? = 0
configure:7295: result: yes
configure:7269: checking whether rawmemchr is declared without a macro
configure:7287: gcc -c -g -O2  conftest.c >&5
configure:7287: $? = 0
configure:7295: result: yes
configure:7269: checking whether stpcpy is declared without a macro
configure:7287: gcc -c -g -O2  conftest.c >&5
configure:7287: $? = 0
configure:7295: result: yes
configure:7269: checking whether stpncpy is declared without a macro
configure:7287: gcc -c -g -O2  conftest.c >&5
configure:7287: $? = 0
configure:7295: result: yes
configure:7269: checking whether strchrnul is declared without a macro
configure:7287: gcc -c -g -O2  conftest.c >&5
configure:7287: $? = 0
configure:7295: result: yes
configure:7269: checking whether strdup is declared without a macro
configure:7287: gcc -c -g -O2  conftest.c >&5
configure:7287: $? = 0
configure:7295: result: yes
configure:7269: checking whether strncat is declared without a macro
configure:7287: gcc -c -g -O2  conftest.c >&5
configure:7287: $? = 0
configure:7295: result: yes
configure:7269: checking whether strndup is declared without a macro
configure:7287: gcc -c -g -O2  conftest.c >&5
configure:7287: $? = 0
configure:7295: result: yes
configure:7269: checking whether strnlen is declared without a macro
configure:7287: gcc -c -g -O2  conftest.c >&5
configure:7287: $? = 0
configure:7295: result: yes
configure:7269: checking whether strpbrk is declared without a macro
configure:7287: gcc -c -g -O2  conftest.c >&5
configure:7287: $? = 0
configure:7295: result: yes
configure:7269: checking whether strsep is declared without a macro
configure:7287: gcc -c -g -O2  conftest.c >&5
configure:7287: $? = 0
configure:7295: result: yes
configure:7269: checking whether strcasestr is declared without a macro
configure:7287: gcc -c -g -O2  conftest.c >&5
configure:7287: $? = 0
configure:7295: result: yes
configure:7269: checking whether strtok_r is declared without a macro
configure:7287: gcc -c -g -O2  conftest.c >&5
configure:7287: $? = 0
configure:7295: result: yes
configure:7269: checking whether strerror_r is declared without a macro
configure:7287: gcc -c -g -O2  conftest.c >&5
configure:7287: $? = 0
configure:7295: result: yes
configure:7269: checking whether strsignal is declared without a macro
configure:7287: gcc -c -g -O2  conftest.c >&5
configure:7287: $? = 0
configure:7295: result: yes
configure:7269: checking whether strverscmp is declared without a macro
configure:7287: gcc -c -g -O2  conftest.c >&5
configure:7287: $? = 0
configure:7295: result: yes
configure:7310: checking whether <wchar.h> uses 'inline' correctly
configure:7332: gcc -c -g -O2  conftest.c >&5
configure:7335: $? = 0
configure:7353: gcc -c -g -O2  conftest.c >&5
configure:7356: $? = 0
configure:7369: result: yes
configure:7397: checking for wint_t
configure:7422: gcc -c -g -O2  conftest.c >&5
configure:7422: $? = 0
configure:7429: result: yes
configure:7569: checking for error_at_line
configure:7585: gcc -o conftest -g -O2   conftest.c  >&5
configure:7585: $? = 0
configure:7593: result: yes
configure:7634: checking whether __fpending is declared
configure:7634: gcc -c -g -O2  conftest.c >&5
configure:7634: $? = 0
configure:7634: result: yes
configure:7797: checking whether the compiler generally respects inline
configure:7818: gcc -c -g -O2  conftest.c >&5
configure:7818: $? = 0
configure:7827: result: yes
configure:7862: checking whether mbrtowc handles incomplete characters
configure:7907: gcc -o conftest -g -O2   conftest.c  >&5
configure:7907: $? = 0
configure:7907: ./conftest
configure:7907: $? = 0
configure:7919: result: yes
configure:7925: checking whether mbrtowc works as well as mbtowc
configure:7974: gcc -o conftest -g -O2   conftest.c  >&5
configure:7974: $? = 0
configure:7974: ./conftest
configure:7974: $? = 0
configure:7986: result: yes
configure:8018: checking whether mbrtowc handles a NULL pwc argument
configure:8077: gcc -o conftest -g -O2   conftest.c  >&5
configure:8077: $? = 0
configure:8077: ./conftest
configure:8077: $? = 0
configure:8089: result: yes
configure:8095: checking whether mbrtowc handles a NULL string argument
configure:8142: gcc -o conftest -g -O2   conftest.c  >&5
configure:8142: $? = 0
configure:8142: ./conftest
configure:8142: $? = 0
configure:8154: result: yes
configure:8162: checking whether mbrtowc has a correct return value
configure:8277: gcc -o conftest -g -O2   conftest.c  >&5
configure:8277: $? = 0
configure:8277: ./conftest
configure:8277: $? = 0
configure:8292: result: yes
configure:8298: checking whether mbrtowc returns 0 when parsing a NUL character
configure:8342: gcc -o conftest -g -O2   conftest.c  >&5
configure:8342: $? = 0
configure:8342: ./conftest
configure:8342: $? = 0
configure:8354: result: yes
configure:8437: checking whether mbrtowc handles incomplete characters
configure:8494: result: yes
configure:8500: checking whether mbrtowc works as well as mbtowc
configure:8561: result: yes
configure:8667: checking whether NULL can be used in arbitrary expressions
configure:8685: gcc -c -g -O2  conftest.c >&5
configure:8685: $? = 0
configure:8692: result: yes
configure:8866: checking whether chown is declared without a macro
configure:8893: gcc -c -g -O2  conftest.c >&5
configure:8893: $? = 0
configure:8901: result: yes
configure:8866: checking whether dup2 is declared without a macro
configure:8893: gcc -c -g -O2  conftest.c >&5
configure:8893: $? = 0
configure:8901: result: yes
configure:8866: checking whether dup3 is declared without a macro
configure:8893: gcc -c -g -O2  conftest.c >&5
configure:8893: $? = 0
configure:8901: result: yes
configure:8866: checking whether environ is declared without a macro
configure:8893: gcc -c -g -O2  conftest.c >&5
configure:8893: $? = 0
configure:8901: result: yes
configure:8866: checking whether euidaccess is declared without a macro
configure:8893: gcc -c -g -O2  conftest.c >&5
configure:8893: $? = 0
configure:8901: result: yes
configure:8866: checking whether faccessat is declared without a macro
configure:8893: gcc -c -g -O2  conftest.c >&5
configure:8893: $? = 0
configure:8901: result: yes
configure:8866: checking whether fchdir is declared without a macro
configure:8893: gcc -c -g -O2  conftest.c >&5
configure:8893: $? = 0
configure:8901: result: yes
configure:8866: checking whether fchownat is declared without a macro
configure:8893: gcc -c -g -O2  conftest.c >&5
configure:8893: $? = 0
configure:8901: result: yes
configure:8866: checking whether fsync is declared without a macro
configure:8893: gcc -c -g -O2  conftest.c >&5
configure:8893: $? = 0
configure:8901: result: yes
configure:8866: checking whether ftruncate is declared without a macro
configure:8893: gcc -c -g -O2  conftest.c >&5
configure:8893: $? = 0
configure:8901: result: yes
configure:8866: checking whether getcwd is declared without a macro
configure:8893: gcc -c -g -O2  conftest.c >&5
configure:8893: $? = 0
configure:8901: result: yes
configure:8866: checking whether getdomainname is declared without a macro
configure:8893: gcc -c -g -O2  conftest.c >&5
configure:8893: $? = 0
configure:8901: result: yes
configure:8866: checking whether getdtablesize is declared without a macro
configure:8893: gcc -c -g -O2  conftest.c >&5
configure:8893: $? = 0
configure:8901: result: yes
configure:8866: checking whether getgroups is declared without a macro
configure:8893: gcc -c -g -O2  conftest.c >&5
configure:8893: $? = 0
configure:8901: result: yes
configure:8866: checking whether gethostname is declared without a macro
configure:8893: gcc -c -g -O2  conftest.c >&5
configure:8893: $? = 0
configure:8901: result: yes
configure:8866: checking whether getlogin is declared without a macro
configure:8893: gcc -c -g -O2  conftest.c >&5
configure:8893: $? = 0
configure:8901: result: yes
configure:8866: checking whether getlogin_r is declared without a macro
configure:8893: gcc -c -g -O2  conftest.c >&5
configure:8893: $? = 0
configure:8901: result: yes
configure:8866: checking whether getpagesize is declared without a macro
configure:8893: gcc -c -g -O2  conftest.c >&5
configure:8893: $? = 0
configure:8901: result: yes
configure:8866: checking whether getusershell is declared without a macro
configure:8893: gcc -c -g -O2  conftest.c >&5
configure:8893: $? = 0
configure:8901: result: yes
configure:8866: checking whether setusershell is declared without a macro
configure:8893: gcc -c -g -O2  conftest.c >&5
configure:8893: $? = 0
configure:8901: result: yes
configure:8866: checking whether endusershell is declared without a macro
configure:8893: gcc -c -g -O2  conftest.c >&5
configure:8893: $? = 0
configure:8901: result: yes
configure:8866: checking whether lchown is declared without a macro
configure:8893: gcc -c -g -O2  conftest.c >&5
configure:8893: $? = 0
configure:8901: result: yes
configure:8866: checking whether link is declared without a macro
configure:8893: gcc -c -g -O2  conftest.c >&5
configure:8893: $? = 0
configure:8901: result: yes
configure:8866: checking whether linkat is declared without a macro
configure:8893: gcc -c -g -O2  conftest.c >&5
configure:8893: $? = 0
configure:8901: result: yes
configure:8866: checking whether lseek is declared without a macro
configure:8893: gcc -c -g -O2  conftest.c >&5
configure:8893: $? = 0
configure:8901: result: yes
configure:8866: checking whether pipe is declared without a macro
configure:8893: gcc -c -g -O2  conftest.c >&5
configure:8893: $? = 0
configure:8901: result: yes
configure:8866: checking whether pipe2 is declared without a macro
configure:8893: gcc -c -g -O2  conftest.c >&5
configure:8893: $? = 0
configure:8901: result: yes
configure:8866: checking whether pread is declared without a macro
configure:8893: gcc -c -g -O2  conftest.c >&5
configure:8893: $? = 0
configure:8901: result: yes
configure:8866: checking whether pwrite is declared without a macro
configure:8893: gcc -c -g -O2  conftest.c >&5
configure:8893: $? = 0
configure:8901: result: yes
configure:8866: checking whether readlink is declared without a macro
configure:8893: gcc -c -g -O2  conftest.c >&5
configure:8893: $? = 0
configure:8901: result: yes
configure:8866: checking whether readlinkat is declared without a macro
configure:8893: gcc -c -g -O2  conftest.c >&5
configure:8893: $? = 0
configure:8901: result: yes
configure:8866: checking whether rmdir is declared without a macro
configure:8893: gcc -c -g -O2  conftest.c >&5
configure:8893: $? = 0
configure:8901: result: yes
configure:8866: checking whether sleep is declared without a macro
configure:8893: gcc -c -g -O2  conftest.c >&5
configure:8893: $? = 0
configure:8901: result: yes
configure:8866: checking whether symlink is declared without a macro
configure:8893: gcc -c -g -O2  conftest.c >&5
configure:8893: $? = 0
configure:8901: result: yes
configure:8866: checking whether symlinkat is declared without a macro
configure:8893: gcc -c -g -O2  conftest.c >&5
configure:8893: $? = 0
configure:8901: result: yes
configure:8866: checking whether ttyname_r is declared without a macro
configure:8893: gcc -c -g -O2  conftest.c >&5
configure:8893: $? = 0
configure:8901: result: yes
configure:8866: checking whether unlink is declared without a macro
configure:8893: gcc -c -g -O2  conftest.c >&5
configure:8893: $? = 0
configure:8901: result: yes
configure:8866: checking whether unlinkat is declared without a macro
configure:8893: gcc -c -g -O2  conftest.c >&5
configure:8893: $? = 0
configure:8901: result: yes
configure:8866: checking whether usleep is declared without a macro
configure:8893: gcc -c -g -O2  conftest.c >&5
configure:8893: $? = 0
configure:8901: result: yes
configure:8999: checking whether btowc is declared without a macro
configure:9027: gcc -c -g -O2  conftest.c >&5
configure:9027: $? = 0
configure:9035: result: yes
configure:8999: checking whether wctob is declared without a macro
configure:9027: gcc -c -g -O2  conftest.c >&5
configure:9027: $? = 0
configure:9035: result: yes
configure:8999: checking whether mbsinit is declared without a macro
configure:9027: gcc -c -g -O2  conftest.c >&5
configure:9027: $? = 0
configure:9035: result: yes
configure:8999: checking whether mbrtowc is declared without a macro
configure:9027: gcc -c -g -O2  conftest.c >&5
configure:9027: $? = 0
configure:9035: result: yes
configure:8999: checking whether mbrlen is declared without a macro
configure:9027: gcc -c -g -O2  conftest.c >&5
configure:9027: $? = 0
configure:9035: result: yes
configure:8999: checking whether mbsrtowcs is declared without a macro
configure:9027: gcc -c -g -O2  conftest.c >&5
configure:9027: $? = 0
configure:9035: result: yes
configure:8999: checking whether mbsnrtowcs is declared without a macro
configure:9027: gcc -c -g -O2  conftest.c >&5
configure:9027: $? = 0
configure:9035: result: yes
configure:8999: checking whether wcrtomb is declared without a macro
configure:9027: gcc -c -g -O2  conftest.c >&5
configure:9027: $? = 0
configure:9035: result: yes
configure:8999: checking whether wcsrtombs is declared without a macro
configure:9027: gcc -c -g -O2  conftest.c >&5
configure:9027: $? = 0
configure:9035: result: yes
configure:8999: checking whether wcsnrtombs is declared without a macro
configure:9027: gcc -c -g -O2  conftest.c >&5
configure:9027: $? = 0
configure:9035: result: yes
configure:8999: checking whether wcwidth is declared without a macro
configure:9027: gcc -c -g -O2  conftest.c >&5
configure:9027: $? = 0
configure:9035: result: yes
configure:8999: checking whether wmemchr is declared without a macro
configure:9027: gcc -c -g -O2  conftest.c >&5
configure:9027: $? = 0
configure:9035: result: yes
configure:8999: checking whether wmemcmp is declared without a macro
configure:9027: gcc -c -g -O2  conftest.c >&5
configure:9027: $? = 0
configure:9035: result: yes
configure:8999: checking whether wmemcpy is declared without a macro
configure:9027: gcc -c -g -O2  conftest.c >&5
configure:9027: $? = 0
configure:9035: result: yes
configure:8999: checking whether wmemmove is declared without a macro
configure:9027: gcc -c -g -O2  conftest.c >&5
configure:9027: $? = 0
configure:9035: result: yes
configure:8999: checking whether wmemset is declared without a macro
configure:9027: gcc -c -g -O2  conftest.c >&5
configure:9027: $? = 0
configure:9035: result: yes
configure:8999: checking whether wcslen is declared without a macro
configure:9027: gcc -c -g -O2  conftest.c >&5
configure:9027: $? = 0
configure:9035: result: yes
configure:8999: checking whether wcsnlen is declared without a macro
configure:9027: gcc -c -g -O2  conftest.c >&5
configure:9027: $? = 0
configure:9035: result: yes
configure:8999: checking whether wcscpy is declared without a macro
configure:9027: gcc -c -g -O2  conftest.c >&5
configure:9027: $? = 0
configure:9035: result: yes
configure:8999: checking whether wcpcpy is declared without a macro
configure:9027: gcc -c -g -O2  conftest.c >&5
configure:9027: $? = 0
configure:9035: result: yes
configure:8999: checking whether wcsncpy is declared without a macro
configure:9027: gcc -c -g -O2  conftest.c >&5
configure:9027: $? = 0
configure:9035: result: yes
configure:8999: checking whether wcpncpy is declared without a macro
configure:9027: gcc -c -g -O2  conftest.c >&5
configure:9027: $? = 0
configure:9035: result: yes
configure:8999: checking whether wcscat is declared without a macro
configure:9027: gcc -c -g -O2  conftest.c >&5
configure:9027: $? = 0
configure:9035: result: yes
configure:8999: checking whether wcsncat is declared without a macro
configure:9027: gcc -c -g -O2  conftest.c >&5
configure:9027: $? = 0
configure:9035: result: yes
configure:8999: checking whether wcscmp is declared without a macro
configure:9027: gcc -c -g -O2  conftest.c >&5
configure:9027: $? = 0
configure:9035: result: yes
configure:8999: checking whether wcsncmp is declared without a macro
configure:9027: gcc -c -g -O2  conftest.c >&5
configure:9027: $? = 0
configure:9035: result: yes
configure:8999: checking whether wcscasecmp is declared without a macro
configure:9027: gcc -c -g -O2  conftest.c >&5
configure:9027: $? = 0
configure:9035: result: yes
configure:8999: checking whether wcsncasecmp is declared without a macro
configure:9027: gcc -c -g -O2  conftest.c >&5
configure:9027: $? = 0
configure:9035: result: yes
configure:8999: checking whether wcscoll is declared without a macro
configure:9027: gcc -c -g -O2  conftest.c >&5
configure:9027: $? = 0
configure:9035: result: yes
configure:8999: checking whether wcsxfrm is declared without a macro
configure:9027: gcc -c -g -O2  conftest.c >&5
configure:9027: $? = 0
configure:9035: result: yes
configure:8999: checking whether wcsdup is declared without a macro
configure:9027: gcc -c -g -O2  conftest.c >&5
configure:9027: $? = 0
configure:9035: result: yes
configure:8999: checking whether wcschr is declared without a macro
configure:9027: gcc -c -g -O2  conftest.c >&5
configure:9027: $? = 0
configure:9035: result: yes
configure:8999: checking whether wcsrchr is declared without a macro
configure:9027: gcc -c -g -O2  conftest.c >&5
configure:9027: $? = 0
configure:9035: result: yes
configure:8999: checking whether wcscspn is declared without a macro
configure:9027: gcc -c -g -O2  conftest.c >&5
configure:9027: $? = 0
configure:9035: result: yes
configure:8999: checking whether wcsspn is declared without a macro
configure:9027: gcc -c -g -O2  conftest.c >&5
configure:9027: $? = 0
configure:9035: result: yes
configure:8999: checking whether wcspbrk is declared without a macro
configure:9027: gcc -c -g -O2  conftest.c >&5
configure:9027: $? = 0
configure:9035: result: yes
configure:8999: checking whether wcsstr is declared without a macro
configure:9027: gcc -c -g -O2  conftest.c >&5
configure:9027: $? = 0
configure:9035: result: yes
configure:8999: checking whether wcstok is declared without a macro
configure:9027: gcc -c -g -O2  conftest.c >&5
configure:9027: $? = 0
configure:9035: result: yes
configure:8999: checking whether wcswidth is declared without a macro
configure:9027: gcc -c -g -O2  conftest.c >&5
configure:9027: $? = 0
configure:9035: result: yes
configure:9132: checking whether iswcntrl works
configure:9176: gcc -o conftest -g -O2   conftest.c  >&5
configure:9176: $? = 0
configure:9176: ./conftest
configure:9176: $? = 0
configure:9187: result: yes
configure:9207: checking for wctype_t
configure:9235: gcc -c -g -O2  conftest.c >&5
configure:9235: $? = 0
configure:9243: result: yes
configure:9249: checking for wctrans_t
configure:9275: gcc -c -g -O2  conftest.c >&5
configure:9275: $? = 0
configure:9283: result: yes
configure:9292: checking whether wctype is declared without a macro
configure:9321: gcc -c -g -O2  conftest.c >&5
configure:9321: $? = 0
configure:9329: result: yes
configure:9292: checking whether iswctype is declared without a macro
configure:9321: gcc -c -g -O2  conftest.c >&5
configure:9321: $? = 0
configure:9329: result: yes
configure:9292: checking whether wctrans is declared without a macro
configure:9321: gcc -c -g -O2  conftest.c >&5
configure:9321: $? = 0
configure:9329: result: yes
configure:9292: checking whether towctrans is declared without a macro
configure:9321: gcc -c -g -O2  conftest.c >&5
configure:9321: $? = 0
configure:9329: result: yes
configure:9419: checking whether NLS is requested
configure:9428: result: yes
configure:9469: checking for msgfmt
configure:9504: result: no
configure:9510: checking for gmsgfmt
configure:9541: result: :
configure:9592: checking for xgettext
configure:9627: result: no
configure:9670: checking for msgmerge
configure:9704: result: no
configure:9758: checking for ld used by GCC
configure:9822: result: /usr/bin/ld
configure:9829: checking if the linker (/usr/bin/ld) is GNU ld
configure:9842: result: yes
configure:9849: checking for shared library run path origin
configure:9862: result: done
configure:10434: checking for CFPreferencesCopyAppValue
configure:10452: gcc -o conftest -g -O2   conftest.c  -Wl,-framework -Wl,CoreFoundation >&5
conftest.c:159:10: fatal error: CoreFoundation/CFPreferences.h: No such file or directory
 #include <CoreFoundation/CFPreferences.h>
          ^~~~~~~~~~~~~~~~~~~~~~~~~~~~~~~~
compilation terminated.
configure:10452: $? = 1
configure: failed program was:
| /* confdefs.h */
| #define PACKAGE_NAME "GNU Hello"
| #define PACKAGE_TARNAME "hello"
| #define PACKAGE_VERSION "2.7"
| #define PACKAGE_STRING "GNU Hello 2.7"
| #define PACKAGE_BUGREPORT "bug-hello@gnu.org"
| #define PACKAGE_URL "http://www.gnu.org/software/hello/"
| #define PACKAGE "hello"
| #define VERSION "2.7"
| #define STDC_HEADERS 1
| #define HAVE_SYS_TYPES_H 1
| #define HAVE_SYS_STAT_H 1
| #define HAVE_STDLIB_H 1
| #define HAVE_STRING_H 1
| #define HAVE_MEMORY_H 1
| #define HAVE_STRINGS_H 1
| #define HAVE_INTTYPES_H 1
| #define HAVE_STDINT_H 1
| #define HAVE_UNISTD_H 1
| #define __EXTENSIONS__ 1
| #define _ALL_SOURCE 1
| #define _GNU_SOURCE 1
| #define _POSIX_PTHREAD_SEMANTICS 1
| #define _TANDEM_SOURCE 1
| #define HAVE_DECL_STRERROR_R 1
| #define HAVE_STRERROR_R 1
| #define STRERROR_R_CHAR_P 1
| #define HAVE_STDIO_EXT_H 1
| #define HAVE_GETOPT_H 1
| #define HAVE_SYS_SOCKET_H 1
| #define HAVE_UNISTD_H 1
| #define HAVE_WCHAR_H 1
| #define HAVE_FEATURES_H 1
| #define HAVE_WCTYPE_H 1
| #define HAVE___FPENDING 1
| #define HAVE_MBSINIT 1
| #define HAVE_MBRTOWC 1
| #define HAVE_ISWCNTRL 1
| #define HAVE_GETOPT_H 1
| #define HAVE_GETOPT_LONG_ONLY 1
| #define HAVE_DECL_GETENV 1
| #define HAVE_LANGINFO_CODESET 1
| #define HAVE_WORKING_O_NOATIME 1
| #define HAVE_WORKING_O_NOFOLLOW 1
| #define HAVE_DECL_GETC_UNLOCKED 1
| #define HAVE_MBSTATE_T 1
| #define HAVE__BOOL 1
| #define HAVE_WCHAR_T 1
| #define restrict __restrict
| #define HAVE_RAW_DECL_MEMMEM 1
| #define HAVE_RAW_DECL_MEMPCPY 1
| #define HAVE_RAW_DECL_MEMRCHR 1
| #define HAVE_RAW_DECL_RAWMEMCHR 1
| #define HAVE_RAW_DECL_STPCPY 1
| #define HAVE_RAW_DECL_STPNCPY 1
| #define HAVE_RAW_DECL_STRCHRNUL 1
| #define HAVE_RAW_DECL_STRDUP 1
| #define HAVE_RAW_DECL_STRNCAT 1
| #define HAVE_RAW_DECL_STRNDUP 1
| #define HAVE_RAW_DECL_STRNLEN 1
| #define HAVE_RAW_DECL_STRPBRK 1
| #define HAVE_RAW_DECL_STRSEP 1
| #define HAVE_RAW_DECL_STRCASESTR 1
| #define HAVE_RAW_DECL_STRTOK_R 1
| #define HAVE_RAW_DECL_STRERROR_R 1
| #define HAVE_RAW_DECL_STRSIGNAL 1
| #define HAVE_RAW_DECL_STRVERSCMP 1
| #define HAVE_WINT_T 1
| #define GNULIB_CLOSE_STREAM 1
| #define HAVE_DECL___FPENDING 1
| #define GNULIB_TEST_GETOPT_GNU 1
| #define HAVE_INLINE 1
| #define GNULIB_TEST_MBRTOWC 1
| #define GNULIB_TEST_MBSINIT 1
| #define GNULIB_TEST_STRERROR 1
| #define HAVE_RAW_DECL_CHOWN 1
| #define HAVE_RAW_DECL_DUP2 1
| #define HAVE_RAW_DECL_DUP3 1
| #define HAVE_RAW_DECL_ENVIRON 1
| #define HAVE_RAW_DECL_EUIDACCESS 1
| #define HAVE_RAW_DECL_FACCESSAT 1
| #define HAVE_RAW_DECL_FCHDIR 1
| #define HAVE_RAW_DECL_FCHOWNAT 1
| #define HAVE_RAW_DECL_FSYNC 1
| #define HAVE_RAW_DECL_FTRUNCATE 1
| #define HAVE_RAW_DECL_GETCWD 1
| #define HAVE_RAW_DECL_GETDOMAINNAME 1
| #define HAVE_RAW_DECL_GETDTABLESIZE 1
| #define HAVE_RAW_DECL_GETGROUPS 1
| #define HAVE_RAW_DECL_GETHOSTNAME 1
| #define HAVE_RAW_DECL_GETLOGIN 1
| #define HAVE_RAW_DECL_GETLOGIN_R 1
| #define HAVE_RAW_DECL_GETPAGESIZE 1
| #define HAVE_RAW_DECL_GETUSERSHELL 1
| #define HAVE_RAW_DECL_SETUSERSHELL 1
| #define HAVE_RAW_DECL_ENDUSERSHELL 1
| #define HAVE_RAW_DECL_LCHOWN 1
| #define HAVE_RAW_DECL_LINK 1
| #define HAVE_RAW_DECL_LINKAT 1
| #define HAVE_RAW_DECL_LSEEK 1
| #define HAVE_RAW_DECL_PIPE 1
| #define HAVE_RAW_DECL_PIPE2 1
| #define HAVE_RAW_DECL_PREAD 1
| #define HAVE_RAW_DECL_PWRITE 1
| #define HAVE_RAW_DECL_READLINK 1
| #define HAVE_RAW_DECL_READLINKAT 1
| #define HAVE_RAW_DECL_RMDIR 1
| #define HAVE_RAW_DECL_SLEEP 1
| #define HAVE_RAW_DECL_SYMLINK 1
| #define HAVE_RAW_DECL_SYMLINKAT 1
| #define HAVE_RAW_DECL_TTYNAME_R 1
| #define HAVE_RAW_DECL_UNLINK 1
| #define HAVE_RAW_DECL_UNLINKAT 1
| #define HAVE_RAW_DECL_USLEEP 1
| #define HAVE_RAW_DECL_BTOWC 1
| #define HAVE_RAW_DECL_WCTOB 1
| #define HAVE_RAW_DECL_MBSINIT 1
| #define HAVE_RAW_DECL_MBRTOWC 1
| #define HAVE_RAW_DECL_MBRLEN 1
| #define HAVE_RAW_DECL_MBSRTOWCS 1
| #define HAVE_RAW_DECL_MBSNRTOWCS 1
| #define HAVE_RAW_DECL_WCRTOMB 1
| #define HAVE_RAW_DECL_WCSRTOMBS 1
| #define HAVE_RAW_DECL_WCSNRTOMBS 1
| #define HAVE_RAW_DECL_WCWIDTH 1
| #define HAVE_RAW_DECL_WMEMCHR 1
| #define HAVE_RAW_DECL_WMEMCMP 1
| #define HAVE_RAW_DECL_WMEMCPY 1
| #define HAVE_RAW_DECL_WMEMMOVE 1
| #define HAVE_RAW_DECL_WMEMSET 1
| #define HAVE_RAW_DECL_WCSLEN 1
| #define HAVE_RAW_DECL_WCSNLEN 1
| #define HAVE_RAW_DECL_WCSCPY 1
| #define HAVE_RAW_DECL_WCPCPY 1
| #define HAVE_RAW_DECL_WCSNCPY 1
| #define HAVE_RAW_DECL_WCPNCPY 1
| #define HAVE_RAW_DECL_WCSCAT 1
| #define HAVE_RAW_DECL_WCSNCAT 1
| #define HAVE_RAW_DECL_WCSCMP 1
| #define HAVE_RAW_DECL_WCSNCMP 1
| #define HAVE_RAW_DECL_WCSCASECMP 1
| #define HAVE_RAW_DECL_WCSNCASECMP 1
| #define HAVE_RAW_DECL_WCSCOLL 1
| #define HAVE_RAW_DECL_WCSXFRM 1
| #define HAVE_RAW_DECL_WCSDUP 1
| #define HAVE_RAW_DECL_WCSCHR 1
| #define HAVE_RAW_DECL_WCSRCHR 1
| #define HAVE_RAW_DECL_WCSCSPN 1
| #define HAVE_RAW_DECL_WCSSPN 1
| #define HAVE_RAW_DECL_WCSPBRK 1
| #define HAVE_RAW_DECL_WCSSTR 1
| #define HAVE_RAW_DECL_WCSTOK 1
| #define HAVE_RAW_DECL_WCSWIDTH 1
| #define HAVE_RAW_DECL_WCTYPE 1
| #define HAVE_RAW_DECL_ISWCTYPE 1
| #define HAVE_RAW_DECL_WCTRANS 1
| #define HAVE_RAW_DECL_TOWCTRANS 1
| /* end confdefs.h.  */
| #include <CoreFoundation/CFPreferences.h>
| int
| main ()
| {
| CFPreferencesCopyAppValue(NULL, NULL)
|   ;
|   return 0;
| }
configure:10461: result: no
configure:10468: checking for CFLocaleCopyCurrent
configure:10486: gcc -o conftest -g -O2   conftest.c  -Wl,-framework -Wl,CoreFoundation >&5
conftest.c:159:10: fatal error: CoreFoundation/CFLocale.h: No such file or directory
 #include <CoreFoundation/CFLocale.h>
          ^~~~~~~~~~~~~~~~~~~~~~~~~~~
compilation terminated.
configure:10486: $? = 1
configure: failed program was:
| /* confdefs.h */
| #define PACKAGE_NAME "GNU Hello"
| #define PACKAGE_TARNAME "hello"
| #define PACKAGE_VERSION "2.7"
| #define PACKAGE_STRING "GNU Hello 2.7"
| #define PACKAGE_BUGREPORT "bug-hello@gnu.org"
| #define PACKAGE_URL "http://www.gnu.org/software/hello/"
| #define PACKAGE "hello"
| #define VERSION "2.7"
| #define STDC_HEADERS 1
| #define HAVE_SYS_TYPES_H 1
| #define HAVE_SYS_STAT_H 1
| #define HAVE_STDLIB_H 1
| #define HAVE_STRING_H 1
| #define HAVE_MEMORY_H 1
| #define HAVE_STRINGS_H 1
| #define HAVE_INTTYPES_H 1
| #define HAVE_STDINT_H 1
| #define HAVE_UNISTD_H 1
| #define __EXTENSIONS__ 1
| #define _ALL_SOURCE 1
| #define _GNU_SOURCE 1
| #define _POSIX_PTHREAD_SEMANTICS 1
| #define _TANDEM_SOURCE 1
| #define HAVE_DECL_STRERROR_R 1
| #define HAVE_STRERROR_R 1
| #define STRERROR_R_CHAR_P 1
| #define HAVE_STDIO_EXT_H 1
| #define HAVE_GETOPT_H 1
| #define HAVE_SYS_SOCKET_H 1
| #define HAVE_UNISTD_H 1
| #define HAVE_WCHAR_H 1
| #define HAVE_FEATURES_H 1
| #define HAVE_WCTYPE_H 1
| #define HAVE___FPENDING 1
| #define HAVE_MBSINIT 1
| #define HAVE_MBRTOWC 1
| #define HAVE_ISWCNTRL 1
| #define HAVE_GETOPT_H 1
| #define HAVE_GETOPT_LONG_ONLY 1
| #define HAVE_DECL_GETENV 1
| #define HAVE_LANGINFO_CODESET 1
| #define HAVE_WORKING_O_NOATIME 1
| #define HAVE_WORKING_O_NOFOLLOW 1
| #define HAVE_DECL_GETC_UNLOCKED 1
| #define HAVE_MBSTATE_T 1
| #define HAVE__BOOL 1
| #define HAVE_WCHAR_T 1
| #define restrict __restrict
| #define HAVE_RAW_DECL_MEMMEM 1
| #define HAVE_RAW_DECL_MEMPCPY 1
| #define HAVE_RAW_DECL_MEMRCHR 1
| #define HAVE_RAW_DECL_RAWMEMCHR 1
| #define HAVE_RAW_DECL_STPCPY 1
| #define HAVE_RAW_DECL_STPNCPY 1
| #define HAVE_RAW_DECL_STRCHRNUL 1
| #define HAVE_RAW_DECL_STRDUP 1
| #define HAVE_RAW_DECL_STRNCAT 1
| #define HAVE_RAW_DECL_STRNDUP 1
| #define HAVE_RAW_DECL_STRNLEN 1
| #define HAVE_RAW_DECL_STRPBRK 1
| #define HAVE_RAW_DECL_STRSEP 1
| #define HAVE_RAW_DECL_STRCASESTR 1
| #define HAVE_RAW_DECL_STRTOK_R 1
| #define HAVE_RAW_DECL_STRERROR_R 1
| #define HAVE_RAW_DECL_STRSIGNAL 1
| #define HAVE_RAW_DECL_STRVERSCMP 1
| #define HAVE_WINT_T 1
| #define GNULIB_CLOSE_STREAM 1
| #define HAVE_DECL___FPENDING 1
| #define GNULIB_TEST_GETOPT_GNU 1
| #define HAVE_INLINE 1
| #define GNULIB_TEST_MBRTOWC 1
| #define GNULIB_TEST_MBSINIT 1
| #define GNULIB_TEST_STRERROR 1
| #define HAVE_RAW_DECL_CHOWN 1
| #define HAVE_RAW_DECL_DUP2 1
| #define HAVE_RAW_DECL_DUP3 1
| #define HAVE_RAW_DECL_ENVIRON 1
| #define HAVE_RAW_DECL_EUIDACCESS 1
| #define HAVE_RAW_DECL_FACCESSAT 1
| #define HAVE_RAW_DECL_FCHDIR 1
| #define HAVE_RAW_DECL_FCHOWNAT 1
| #define HAVE_RAW_DECL_FSYNC 1
| #define HAVE_RAW_DECL_FTRUNCATE 1
| #define HAVE_RAW_DECL_GETCWD 1
| #define HAVE_RAW_DECL_GETDOMAINNAME 1
| #define HAVE_RAW_DECL_GETDTABLESIZE 1
| #define HAVE_RAW_DECL_GETGROUPS 1
| #define HAVE_RAW_DECL_GETHOSTNAME 1
| #define HAVE_RAW_DECL_GETLOGIN 1
| #define HAVE_RAW_DECL_GETLOGIN_R 1
| #define HAVE_RAW_DECL_GETPAGESIZE 1
| #define HAVE_RAW_DECL_GETUSERSHELL 1
| #define HAVE_RAW_DECL_SETUSERSHELL 1
| #define HAVE_RAW_DECL_ENDUSERSHELL 1
| #define HAVE_RAW_DECL_LCHOWN 1
| #define HAVE_RAW_DECL_LINK 1
| #define HAVE_RAW_DECL_LINKAT 1
| #define HAVE_RAW_DECL_LSEEK 1
| #define HAVE_RAW_DECL_PIPE 1
| #define HAVE_RAW_DECL_PIPE2 1
| #define HAVE_RAW_DECL_PREAD 1
| #define HAVE_RAW_DECL_PWRITE 1
| #define HAVE_RAW_DECL_READLINK 1
| #define HAVE_RAW_DECL_READLINKAT 1
| #define HAVE_RAW_DECL_RMDIR 1
| #define HAVE_RAW_DECL_SLEEP 1
| #define HAVE_RAW_DECL_SYMLINK 1
| #define HAVE_RAW_DECL_SYMLINKAT 1
| #define HAVE_RAW_DECL_TTYNAME_R 1
| #define HAVE_RAW_DECL_UNLINK 1
| #define HAVE_RAW_DECL_UNLINKAT 1
| #define HAVE_RAW_DECL_USLEEP 1
| #define HAVE_RAW_DECL_BTOWC 1
| #define HAVE_RAW_DECL_WCTOB 1
| #define HAVE_RAW_DECL_MBSINIT 1
| #define HAVE_RAW_DECL_MBRTOWC 1
| #define HAVE_RAW_DECL_MBRLEN 1
| #define HAVE_RAW_DECL_MBSRTOWCS 1
| #define HAVE_RAW_DECL_MBSNRTOWCS 1
| #define HAVE_RAW_DECL_WCRTOMB 1
| #define HAVE_RAW_DECL_WCSRTOMBS 1
| #define HAVE_RAW_DECL_WCSNRTOMBS 1
| #define HAVE_RAW_DECL_WCWIDTH 1
| #define HAVE_RAW_DECL_WMEMCHR 1
| #define HAVE_RAW_DECL_WMEMCMP 1
| #define HAVE_RAW_DECL_WMEMCPY 1
| #define HAVE_RAW_DECL_WMEMMOVE 1
| #define HAVE_RAW_DECL_WMEMSET 1
| #define HAVE_RAW_DECL_WCSLEN 1
| #define HAVE_RAW_DECL_WCSNLEN 1
| #define HAVE_RAW_DECL_WCSCPY 1
| #define HAVE_RAW_DECL_WCPCPY 1
| #define HAVE_RAW_DECL_WCSNCPY 1
| #define HAVE_RAW_DECL_WCPNCPY 1
| #define HAVE_RAW_DECL_WCSCAT 1
| #define HAVE_RAW_DECL_WCSNCAT 1
| #define HAVE_RAW_DECL_WCSCMP 1
| #define HAVE_RAW_DECL_WCSNCMP 1
| #define HAVE_RAW_DECL_WCSCASECMP 1
| #define HAVE_RAW_DECL_WCSNCASECMP 1
| #define HAVE_RAW_DECL_WCSCOLL 1
| #define HAVE_RAW_DECL_WCSXFRM 1
| #define HAVE_RAW_DECL_WCSDUP 1
| #define HAVE_RAW_DECL_WCSCHR 1
| #define HAVE_RAW_DECL_WCSRCHR 1
| #define HAVE_RAW_DECL_WCSCSPN 1
| #define HAVE_RAW_DECL_WCSSPN 1
| #define HAVE_RAW_DECL_WCSPBRK 1
| #define HAVE_RAW_DECL_WCSSTR 1
| #define HAVE_RAW_DECL_WCSTOK 1
| #define HAVE_RAW_DECL_WCSWIDTH 1
| #define HAVE_RAW_DECL_WCTYPE 1
| #define HAVE_RAW_DECL_ISWCTYPE 1
| #define HAVE_RAW_DECL_WCTRANS 1
| #define HAVE_RAW_DECL_TOWCTRANS 1
| /* end confdefs.h.  */
| #include <CoreFoundation/CFLocale.h>
| int
| main ()
| {
| CFLocaleCopyCurrent();
|   ;
|   return 0;
| }
configure:10495: result: no
configure:10544: checking for GNU gettext in libc
configure:10564: gcc -o conftest -g -O2   conftest.c  >&5
configure:10564: $? = 0
configure:10573: result: yes
configure:11364: checking whether to use NLS
configure:11366: result: yes
configure:11369: checking where the gettext function comes from
configure:11380: result: libc
configure:11606: creating ./config.status

## ---------------------- ##
## Running config.status. ##
## ---------------------- ##

This file was extended by GNU Hello config.status 2.7, which was
generated by GNU Autoconf 2.68.  Invocation command line was

  CONFIG_FILES    = 
  CONFIG_HEADERS  = 
  CONFIG_LINKS    = 
  CONFIG_COMMANDS = 
  $ ./config.status 

on kali

config.status:1372: creating Makefile
config.status:1372: creating contrib/Makefile
config.status:1372: creating doc/Makefile
config.status:1372: creating gnulib/lib/Makefile
config.status:1372: creating man/Makefile
config.status:1372: creating po/Makefile.in
config.status:1372: creating src/Makefile
config.status:1372: creating tests/Makefile
config.status:1372: creating config.h
config.status:1601: executing depfiles commands
config.status:1601: executing po-directories commands

## ---------------- ##
## Cache variables. ##
## ---------------- ##

ac_cv_build=x86_64-unknown-linux-gnu
ac_cv_c_compiler_gnu=yes
ac_cv_c_inline=inline
ac_cv_c_restrict=__restrict
ac_cv_env_CC_set=
ac_cv_env_CC_value=
ac_cv_env_CFLAGS_set=
ac_cv_env_CFLAGS_value=
ac_cv_env_CPPFLAGS_set=
ac_cv_env_CPPFLAGS_value=
ac_cv_env_CPP_set=
ac_cv_env_CPP_value=
ac_cv_env_LDFLAGS_set=
ac_cv_env_LDFLAGS_value=
ac_cv_env_LIBS_set=
ac_cv_env_LIBS_value=
ac_cv_env_build_alias_set=
ac_cv_env_build_alias_value=
ac_cv_env_host_alias_set=
ac_cv_env_host_alias_value=
ac_cv_env_target_alias_set=
ac_cv_env_target_alias_value=
ac_cv_func___fpending=yes
ac_cv_func_getopt_long_only=yes
ac_cv_func_iswcntrl=yes
ac_cv_func_mbrtowc=yes
ac_cv_func_mbsinit=yes
ac_cv_func_strerror_r=yes
ac_cv_func_strerror_r_char_p=yes
ac_cv_gnu_library_2_1=yes
ac_cv_have_decl___fpending=yes
ac_cv_have_decl_btowc=yes
ac_cv_have_decl_chown=yes
ac_cv_have_decl_dup2=yes
ac_cv_have_decl_dup3=yes
ac_cv_have_decl_endusershell=yes
ac_cv_have_decl_environ=yes
ac_cv_have_decl_euidaccess=yes
ac_cv_have_decl_faccessat=yes
ac_cv_have_decl_fchdir=yes
ac_cv_have_decl_fchownat=yes
ac_cv_have_decl_fsync=yes
ac_cv_have_decl_ftruncate=yes
ac_cv_have_decl_getc_unlocked=yes
ac_cv_have_decl_getcwd=yes
ac_cv_have_decl_getdomainname=yes
ac_cv_have_decl_getdtablesize=yes
ac_cv_have_decl_getenv=yes
ac_cv_have_decl_getgroups=yes
ac_cv_have_decl_gethostname=yes
ac_cv_have_decl_getlogin=yes
ac_cv_have_decl_getlogin_r=yes
ac_cv_have_decl_getpagesize=yes
ac_cv_have_decl_getusershell=yes
ac_cv_have_decl_iswctype=yes
ac_cv_have_decl_lchown=yes
ac_cv_have_decl_link=yes
ac_cv_have_decl_linkat=yes
ac_cv_have_decl_lseek=yes
ac_cv_have_decl_mbrlen=yes
ac_cv_have_decl_mbrtowc=yes
ac_cv_have_decl_mbsinit=yes
ac_cv_have_decl_mbsnrtowcs=yes
ac_cv_have_decl_mbsrtowcs=yes
ac_cv_have_decl_memmem=yes
ac_cv_have_decl_mempcpy=yes
ac_cv_have_decl_memrchr=yes
ac_cv_have_decl_pipe2=yes
ac_cv_have_decl_pipe=yes
ac_cv_have_decl_pread=yes
ac_cv_have_decl_pwrite=yes
ac_cv_have_decl_rawmemchr=yes
ac_cv_have_decl_readlink=yes
ac_cv_have_decl_readlinkat=yes
ac_cv_have_decl_rmdir=yes
ac_cv_have_decl_setusershell=yes
ac_cv_have_decl_sleep=yes
ac_cv_have_decl_stpcpy=yes
ac_cv_have_decl_stpncpy=yes
ac_cv_have_decl_strcasestr=yes
ac_cv_have_decl_strchrnul=yes
ac_cv_have_decl_strdup=yes
ac_cv_have_decl_strerror_r=yes
ac_cv_have_decl_strncat=yes
ac_cv_have_decl_strndup=yes
ac_cv_have_decl_strnlen=yes
ac_cv_have_decl_strpbrk=yes
ac_cv_have_decl_strsep=yes
ac_cv_have_decl_strsignal=yes
ac_cv_have_decl_strtok_r=yes
ac_cv_have_decl_strverscmp=yes
ac_cv_have_decl_symlink=yes
ac_cv_have_decl_symlinkat=yes
ac_cv_have_decl_towctrans=yes
ac_cv_have_decl_ttyname_r=yes
ac_cv_have_decl_unlink=yes
ac_cv_have_decl_unlinkat=yes
ac_cv_have_decl_usleep=yes
ac_cv_have_decl_wcpcpy=yes
ac_cv_have_decl_wcpncpy=yes
ac_cv_have_decl_wcrtomb=yes
ac_cv_have_decl_wcscasecmp=yes
ac_cv_have_decl_wcscat=yes
ac_cv_have_decl_wcschr=yes
ac_cv_have_decl_wcscmp=yes
ac_cv_have_decl_wcscoll=yes
ac_cv_have_decl_wcscpy=yes
ac_cv_have_decl_wcscspn=yes
ac_cv_have_decl_wcsdup=yes
ac_cv_have_decl_wcslen=yes
ac_cv_have_decl_wcsncasecmp=yes
ac_cv_have_decl_wcsncat=yes
ac_cv_have_decl_wcsncmp=yes
ac_cv_have_decl_wcsncpy=yes
ac_cv_have_decl_wcsnlen=yes
ac_cv_have_decl_wcsnrtombs=yes
ac_cv_have_decl_wcspbrk=yes
ac_cv_have_decl_wcsrchr=yes
ac_cv_have_decl_wcsrtombs=yes
ac_cv_have_decl_wcsspn=yes
ac_cv_have_decl_wcsstr=yes
ac_cv_have_decl_wcstok=yes
ac_cv_have_decl_wcswidth=yes
ac_cv_have_decl_wcsxfrm=yes
ac_cv_have_decl_wctob=yes
ac_cv_have_decl_wctrans=yes
ac_cv_have_decl_wctype=yes
ac_cv_have_decl_wcwidth=yes
ac_cv_have_decl_wmemchr=yes
ac_cv_have_decl_wmemcmp=yes
ac_cv_have_decl_wmemcpy=yes
ac_cv_have_decl_wmemmove=yes
ac_cv_have_decl_wmemset=yes
ac_cv_header_features_h=yes
ac_cv_header_getopt_h=yes
ac_cv_header_inttypes_h=yes
ac_cv_header_memory_h=yes
ac_cv_header_minix_config_h=no
ac_cv_header_stdbool_h=yes
ac_cv_header_stdc=yes
ac_cv_header_stdint_h=yes
ac_cv_header_stdio_ext_h=yes
ac_cv_header_stdlib_h=yes
ac_cv_header_string_h=yes
ac_cv_header_strings_h=yes
ac_cv_header_sys_socket_h=yes
ac_cv_header_sys_stat_h=yes
ac_cv_header_sys_types_h=yes
ac_cv_header_unistd_h=yes
ac_cv_header_wchar_h=yes
ac_cv_header_wctype_h=yes
ac_cv_host=x86_64-unknown-linux-gnu
ac_cv_lib_error_at_line=yes
ac_cv_objext=o
ac_cv_path_EGREP='/bin/grep -E'
ac_cv_path_GMSGFMT=:
ac_cv_path_GREP=/bin/grep
ac_cv_path_MSGFMT=:
ac_cv_path_MSGMERGE=:
ac_cv_path_XGETTEXT=:
ac_cv_path_install='/usr/bin/install -c'
ac_cv_path_mkdir=/bin/mkdir
ac_cv_prog_AWK=gawk
ac_cv_prog_CPP='gcc -E'
ac_cv_prog_ac_ct_CC=gcc
ac_cv_prog_ac_ct_RANLIB=ranlib
ac_cv_prog_cc_c89=
ac_cv_prog_cc_g=yes
ac_cv_prog_make_make_set=yes
ac_cv_safe_to_define___extensions__=yes
ac_cv_type__Bool=yes
ac_cv_type_mbstate_t=yes
acl_cv_hardcode_direct=no
acl_cv_hardcode_libdir_flag_spec='${wl}-rpath ${wl}$libdir'
acl_cv_hardcode_libdir_separator=
acl_cv_hardcode_minus_L=no
acl_cv_libext=a
acl_cv_libname_spec='lib$name'
acl_cv_library_names_spec='$libname$shrext'
acl_cv_path_LD=/usr/bin/ld
acl_cv_prog_gnu_ld=yes
acl_cv_rpath=done
acl_cv_shlibext=so
acl_cv_wl=-Wl,
am_cv_CC_dependencies_compiler_type=gcc3
am_cv_langinfo_codeset=yes
gl_cv_c_inline_effective=yes
gl_cv_decl_null_works=yes
gl_cv_func_getopt_gnu=yes
gl_cv_func_getopt_posix=yes
gl_cv_func_iswcntrl_works=yes
gl_cv_func_mbrtowc_incomplete_state=yes
gl_cv_func_mbrtowc_nul_retval=yes
gl_cv_func_mbrtowc_null_arg1=yes
gl_cv_func_mbrtowc_null_arg2=yes
gl_cv_func_mbrtowc_retval=yes
gl_cv_func_mbrtowc_sanitycheck=yes
gl_cv_func_working_strerror=yes
gl_cv_have_include_next=yes
gl_cv_have_raw_decl_btowc=yes
gl_cv_have_raw_decl_chown=yes
gl_cv_have_raw_decl_dup2=yes
gl_cv_have_raw_decl_dup3=yes
gl_cv_have_raw_decl_endusershell=yes
gl_cv_have_raw_decl_environ=yes
gl_cv_have_raw_decl_euidaccess=yes
gl_cv_have_raw_decl_faccessat=yes
gl_cv_have_raw_decl_fchdir=yes
gl_cv_have_raw_decl_fchownat=yes
gl_cv_have_raw_decl_fsync=yes
gl_cv_have_raw_decl_ftruncate=yes
gl_cv_have_raw_decl_getcwd=yes
gl_cv_have_raw_decl_getdomainname=yes
gl_cv_have_raw_decl_getdtablesize=yes
gl_cv_have_raw_decl_getgroups=yes
gl_cv_have_raw_decl_gethostname=yes
gl_cv_have_raw_decl_getlogin=yes
gl_cv_have_raw_decl_getlogin_r=yes
gl_cv_have_raw_decl_getpagesize=yes
gl_cv_have_raw_decl_getusershell=yes
gl_cv_have_raw_decl_iswctype=yes
gl_cv_have_raw_decl_lchown=yes
gl_cv_have_raw_decl_link=yes
gl_cv_have_raw_decl_linkat=yes
gl_cv_have_raw_decl_lseek=yes
gl_cv_have_raw_decl_mbrlen=yes
gl_cv_have_raw_decl_mbrtowc=yes
gl_cv_have_raw_decl_mbsinit=yes
gl_cv_have_raw_decl_mbsnrtowcs=yes
gl_cv_have_raw_decl_mbsrtowcs=yes
gl_cv_have_raw_decl_memmem=yes
gl_cv_have_raw_decl_mempcpy=yes
gl_cv_have_raw_decl_memrchr=yes
gl_cv_have_raw_decl_pipe2=yes
gl_cv_have_raw_decl_pipe=yes
gl_cv_have_raw_decl_pread=yes
gl_cv_have_raw_decl_pwrite=yes
gl_cv_have_raw_decl_rawmemchr=yes
gl_cv_have_raw_decl_readlink=yes
gl_cv_have_raw_decl_readlinkat=yes
gl_cv_have_raw_decl_rmdir=yes
gl_cv_have_raw_decl_setusershell=yes
gl_cv_have_raw_decl_sleep=yes
gl_cv_have_raw_decl_stpcpy=yes
gl_cv_have_raw_decl_stpncpy=yes
gl_cv_have_raw_decl_strcasestr=yes
gl_cv_have_raw_decl_strchrnul=yes
gl_cv_have_raw_decl_strdup=yes
gl_cv_have_raw_decl_strerror_r=yes
gl_cv_have_raw_decl_strncat=yes
gl_cv_have_raw_decl_strndup=yes
gl_cv_have_raw_decl_strnlen=yes
gl_cv_have_raw_decl_strpbrk=yes
gl_cv_have_raw_decl_strsep=yes
gl_cv_have_raw_decl_strsignal=yes
gl_cv_have_raw_decl_strtok_r=yes
gl_cv_have_raw_decl_strverscmp=yes
gl_cv_have_raw_decl_symlink=yes
gl_cv_have_raw_decl_symlinkat=yes
gl_cv_have_raw_decl_towctrans=yes
gl_cv_have_raw_decl_ttyname_r=yes
gl_cv_have_raw_decl_unlink=yes
gl_cv_have_raw_decl_unlinkat=yes
gl_cv_have_raw_decl_usleep=yes
gl_cv_have_raw_decl_wcpcpy=yes
gl_cv_have_raw_decl_wcpncpy=yes
gl_cv_have_raw_decl_wcrtomb=yes
gl_cv_have_raw_decl_wcscasecmp=yes
gl_cv_have_raw_decl_wcscat=yes
gl_cv_have_raw_decl_wcschr=yes
gl_cv_have_raw_decl_wcscmp=yes
gl_cv_have_raw_decl_wcscoll=yes
gl_cv_have_raw_decl_wcscpy=yes
gl_cv_have_raw_decl_wcscspn=yes
gl_cv_have_raw_decl_wcsdup=yes
gl_cv_have_raw_decl_wcslen=yes
gl_cv_have_raw_decl_wcsncasecmp=yes
gl_cv_have_raw_decl_wcsncat=yes
gl_cv_have_raw_decl_wcsncmp=yes
gl_cv_have_raw_decl_wcsncpy=yes
gl_cv_have_raw_decl_wcsnlen=yes
gl_cv_have_raw_decl_wcsnrtombs=yes
gl_cv_have_raw_decl_wcspbrk=yes
gl_cv_have_raw_decl_wcsrchr=yes
gl_cv_have_raw_decl_wcsrtombs=yes
gl_cv_have_raw_decl_wcsspn=yes
gl_cv_have_raw_decl_wcsstr=yes
gl_cv_have_raw_decl_wcstok=yes
gl_cv_have_raw_decl_wcswidth=yes
gl_cv_have_raw_decl_wcsxfrm=yes
gl_cv_have_raw_decl_wctob=yes
gl_cv_have_raw_decl_wctrans=yes
gl_cv_have_raw_decl_wctype=yes
gl_cv_have_raw_decl_wcwidth=yes
gl_cv_have_raw_decl_wmemchr=yes
gl_cv_have_raw_decl_wmemcmp=yes
gl_cv_have_raw_decl_wmemcpy=yes
gl_cv_have_raw_decl_wmemmove=yes
gl_cv_have_raw_decl_wmemset=yes
gl_cv_header_errno_h_complete=yes
gl_cv_header_wchar_h_correct_inline=yes
gl_cv_header_working_fcntl_h=yes
gl_cv_next_getopt_h='<getopt.h>'
gl_cv_next_string_h='<string.h>'
gl_cv_next_unistd_h='<unistd.h>'
gl_cv_next_wchar_h='<wchar.h>'
gl_cv_next_wctype_h='<wctype.h>'
gl_cv_pragma_columns=no
gl_cv_type_wctrans_t=yes
gl_cv_type_wctype_t=yes
gt_cv_c_wchar_t=yes
gt_cv_c_wint_t=yes
gt_cv_func_CFLocaleCopyCurrent=no
gt_cv_func_CFPreferencesCopyAppValue=no
gt_cv_func_gnugettext1_libc=yes
gt_cv_locale_fr_utf8=fr_FR.UTF-8
gt_cv_locale_ja=ja_JP
gt_cv_locale_zh_CN=zh_CN.GB18030

## ----------------- ##
## Output variables. ##
## ----------------- ##

ACLOCAL='${SHELL} "/root/Desktop/srividya/FossLab/Compiling From Source/ant/hello-2.7/build-aux/missing" --run aclocal-1.11'
AMDEPBACKSLASH='\'
AMDEP_FALSE='#'
AMDEP_TRUE=''
AMTAR='${SHELL} "/root/Desktop/srividya/FossLab/Compiling From Source/ant/hello-2.7/build-aux/missing" --run tar'
AUTOCONF='${SHELL} "/root/Desktop/srividya/FossLab/Compiling From Source/ant/hello-2.7/build-aux/missing" --run autoconf'
AUTOHEADER='${SHELL} "/root/Desktop/srividya/FossLab/Compiling From Source/ant/hello-2.7/build-aux/missing" --run autoheader'
AUTOMAKE='${SHELL} "/root/Desktop/srividya/FossLab/Compiling From Source/ant/hello-2.7/build-aux/missing" --run automake-1.11'
AWK='gawk'
CC='gcc'
CCDEPMODE='depmode=gcc3'
CFLAGS='-g -O2'
CPP='gcc -E'
CPPFLAGS=''
CYGPATH_W='echo'
DEFS='-DHAVE_CONFIG_H'
DEPDIR='.deps'
ECHO_C=''
ECHO_N='-n'
ECHO_T=''
EGREP='/bin/grep -E'
EMULTIHOP_HIDDEN=''
EMULTIHOP_VALUE=''
ENOLINK_HIDDEN=''
ENOLINK_VALUE=''
EOVERFLOW_HIDDEN=''
EOVERFLOW_VALUE=''
ERRNO_H=''
EXEEXT=''
GETOPT_H=''
GETTEXT_MACRO_VERSION='0.18'
GLIBC21='yes'
GL_COND_LIBTOOL_FALSE=''
GL_COND_LIBTOOL_TRUE='#'
GMSGFMT=':'
GMSGFMT_015=':'
GNULIB_BTOWC='0'
GNULIB_CHOWN='0'
GNULIB_CLOSE='0'
GNULIB_DUP2='0'
GNULIB_DUP3='0'
GNULIB_ENVIRON='0'
GNULIB_EUIDACCESS='0'
GNULIB_FACCESSAT='0'
GNULIB_FCHDIR='0'
GNULIB_FCHOWNAT='0'
GNULIB_FSYNC='0'
GNULIB_FTRUNCATE='0'
GNULIB_GETCWD='0'
GNULIB_GETDOMAINNAME='0'
GNULIB_GETDTABLESIZE='0'
GNULIB_GETGROUPS='0'
GNULIB_GETHOSTNAME='0'
GNULIB_GETLOGIN='0'
GNULIB_GETLOGIN_R='0'
GNULIB_GETPAGESIZE='0'
GNULIB_GETUSERSHELL='0'
GNULIB_ISWBLANK='0'
GNULIB_ISWCTYPE='0'
GNULIB_LCHOWN='0'
GNULIB_LINK='0'
GNULIB_LINKAT='0'
GNULIB_LSEEK='0'
GNULIB_MBRLEN='0'
GNULIB_MBRTOWC='1'
GNULIB_MBSCASECMP='0'
GNULIB_MBSCASESTR='0'
GNULIB_MBSCHR='0'
GNULIB_MBSCSPN='0'
GNULIB_MBSINIT='1'
GNULIB_MBSLEN='0'
GNULIB_MBSNCASECMP='0'
GNULIB_MBSNLEN='0'
GNULIB_MBSNRTOWCS='0'
GNULIB_MBSPBRK='0'
GNULIB_MBSPCASECMP='0'
GNULIB_MBSRCHR='0'
GNULIB_MBSRTOWCS='0'
GNULIB_MBSSEP='0'
GNULIB_MBSSPN='0'
GNULIB_MBSSTR='0'
GNULIB_MBSTOK_R='0'
GNULIB_MEMCHR='0'
GNULIB_MEMMEM='0'
GNULIB_MEMPCPY='0'
GNULIB_MEMRCHR='0'
GNULIB_PIPE2='0'
GNULIB_PIPE='0'
GNULIB_PREAD='0'
GNULIB_PWRITE='0'
GNULIB_RAWMEMCHR='0'
GNULIB_READLINK='0'
GNULIB_READLINKAT='0'
GNULIB_RMDIR='0'
GNULIB_SLEEP='0'
GNULIB_STPCPY='0'
GNULIB_STPNCPY='0'
GNULIB_STRCASESTR='0'
GNULIB_STRCHRNUL='0'
GNULIB_STRDUP='0'
GNULIB_STRERROR='1'
GNULIB_STRERROR_R='0'
GNULIB_STRNCAT='0'
GNULIB_STRNDUP='0'
GNULIB_STRNLEN='0'
GNULIB_STRPBRK='0'
GNULIB_STRSEP='0'
GNULIB_STRSIGNAL='0'
GNULIB_STRSTR='0'
GNULIB_STRTOK_R='0'
GNULIB_STRVERSCMP='0'
GNULIB_SYMLINK='0'
GNULIB_SYMLINKAT='0'
GNULIB_TOWCTRANS='0'
GNULIB_TTYNAME_R='0'
GNULIB_UNISTD_H_GETOPT='0'
GNULIB_UNISTD_H_SIGPIPE='0'
GNULIB_UNLINK='0'
GNULIB_UNLINKAT='0'
GNULIB_USLEEP='0'
GNULIB_WCPCPY='0'
GNULIB_WCPNCPY='0'
GNULIB_WCRTOMB='0'
GNULIB_WCSCASECMP='0'
GNULIB_WCSCAT='0'
GNULIB_WCSCHR='0'
GNULIB_WCSCMP='0'
GNULIB_WCSCOLL='0'
GNULIB_WCSCPY='0'
GNULIB_WCSCSPN='0'
GNULIB_WCSDUP='0'
GNULIB_WCSLEN='0'
GNULIB_WCSNCASECMP='0'
GNULIB_WCSNCAT='0'
GNULIB_WCSNCMP='0'
GNULIB_WCSNCPY='0'
GNULIB_WCSNLEN='0'
GNULIB_WCSNRTOMBS='0'
GNULIB_WCSPBRK='0'
GNULIB_WCSRCHR='0'
GNULIB_WCSRTOMBS='0'
GNULIB_WCSSPN='0'
GNULIB_WCSSTR='0'
GNULIB_WCSTOK='0'
GNULIB_WCSWIDTH='0'
GNULIB_WCSXFRM='0'
GNULIB_WCTOB='0'
GNULIB_WCTRANS='0'
GNULIB_WCTYPE='0'
GNULIB_WCWIDTH='0'
GNULIB_WMEMCHR='0'
GNULIB_WMEMCMP='0'
GNULIB_WMEMCPY='0'
GNULIB_WMEMMOVE='0'
GNULIB_WMEMSET='0'
GNULIB_WRITE='0'
GREP='/bin/grep'
HAVE_BTOWC='1'
HAVE_CHOWN='1'
HAVE_DECL_ENVIRON='1'
HAVE_DECL_FCHDIR='1'
HAVE_DECL_GETDOMAINNAME='1'
HAVE_DECL_GETLOGIN_R='1'
HAVE_DECL_GETPAGESIZE='1'
HAVE_DECL_GETUSERSHELL='1'
HAVE_DECL_MEMMEM='1'
HAVE_DECL_MEMRCHR='1'
HAVE_DECL_STRDUP='1'
HAVE_DECL_STRERROR_R='1'
HAVE_DECL_STRNDUP='1'
HAVE_DECL_STRNLEN='1'
HAVE_DECL_STRSIGNAL='1'
HAVE_DECL_STRTOK_R='1'
HAVE_DECL_TTYNAME_R='1'
HAVE_DECL_WCTOB='1'
HAVE_DECL_WCWIDTH='1'
HAVE_DUP2='1'
HAVE_DUP3='1'
HAVE_EUIDACCESS='1'
HAVE_FACCESSAT='1'
HAVE_FCHDIR='1'
HAVE_FCHOWNAT='1'
HAVE_FEATURES_H='1'
HAVE_FSYNC='1'
HAVE_FTRUNCATE='1'
HAVE_GETDTABLESIZE='1'
HAVE_GETGROUPS='1'
HAVE_GETHOSTNAME='1'
HAVE_GETLOGIN='1'
HAVE_GETOPT_H='1'
HAVE_GETPAGESIZE='1'
HAVE_ISWBLANK='1'
HAVE_ISWCNTRL='1'
HAVE_LCHOWN='1'
HAVE_LINK='1'
HAVE_LINKAT='1'
HAVE_MBRLEN='1'
HAVE_MBRTOWC='1'
HAVE_MBSINIT='1'
HAVE_MBSLEN='0'
HAVE_MBSNRTOWCS='1'
HAVE_MBSRTOWCS='1'
HAVE_MEMCHR='1'
HAVE_MEMPCPY='1'
HAVE_OS_H='0'
HAVE_PIPE2='1'
HAVE_PIPE='1'
HAVE_PREAD='1'
HAVE_PWRITE='1'
HAVE_RAWMEMCHR='1'
HAVE_READLINK='1'
HAVE_READLINKAT='1'
HAVE_SLEEP='1'
HAVE_STPCPY='1'
HAVE_STPNCPY='1'
HAVE_STRCASESTR='1'
HAVE_STRCHRNUL='1'
HAVE_STRPBRK='1'
HAVE_STRSEP='1'
HAVE_STRVERSCMP='1'
HAVE_SYMLINK='1'
HAVE_SYMLINKAT='1'
HAVE_SYS_PARAM_H='0'
HAVE_UNISTD_H='1'
HAVE_UNLINKAT='1'
HAVE_USLEEP='1'
HAVE_WCHAR_H='1'
HAVE_WCHAR_T='1'
HAVE_WCPCPY='1'
HAVE_WCPNCPY='1'
HAVE_WCRTOMB='1'
HAVE_WCSCASECMP='1'
HAVE_WCSCAT='1'
HAVE_WCSCHR='1'
HAVE_WCSCMP='1'
HAVE_WCSCOLL='1'
HAVE_WCSCPY='1'
HAVE_WCSCSPN='1'
HAVE_WCSDUP='1'
HAVE_WCSLEN='1'
HAVE_WCSNCASECMP='1'
HAVE_WCSNCAT='1'
HAVE_WCSNCMP='1'
HAVE_WCSNCPY='1'
HAVE_WCSNLEN='1'
HAVE_WCSNRTOMBS='1'
HAVE_WCSPBRK='1'
HAVE_WCSRCHR='1'
HAVE_WCSRTOMBS='1'
HAVE_WCSSPN='1'
HAVE_WCSSTR='1'
HAVE_WCSTOK='1'
HAVE_WCSWIDTH='1'
HAVE_WCSXFRM='1'
HAVE_WCTRANS_T='1'
HAVE_WCTYPE_H='1'
HAVE_WCTYPE_T='1'
HAVE_WINT_T='1'
HAVE_WMEMCHR='1'
HAVE_WMEMCMP='1'
HAVE_WMEMCPY='1'
HAVE_WMEMMOVE='1'
HAVE_WMEMSET='1'
HAVE__BOOL='1'
HELP2MAN='${SHELL} "/root/Desktop/srividya/FossLab/Compiling From Source/ant/hello-2.7/build-aux/missing" --run help2man'
INCLUDE_NEXT='include_next'
INCLUDE_NEXT_AS_FIRST_DIRECTIVE='include_next'
INSTALL_DATA='${INSTALL} -m 644'
INSTALL_PROGRAM='${INSTALL}'
INSTALL_SCRIPT='${INSTALL}'
INSTALL_STRIP_PROGRAM='$(install_sh) -c -s'
INTLLIBS=''
INTL_MACOSX_LIBS=''
LDFLAGS=''
LIBGNU_LIBDEPS=''
LIBGNU_LTLIBDEPS=''
LIBICONV='-liconv'
LIBINTL=''
LIBOBJS=''
LIBS=''
LOCALCHARSET_TESTS_ENVIRONMENT='CHARSETALIASDIR="$(top_builddir)/gnulib/lib"'
LOCALE_FR_UTF8='fr_FR.UTF-8'
LOCALE_JA='ja_JP'
LOCALE_ZH_CN='zh_CN.GB18030'
LTLIBICONV='-liconv'
LTLIBINTL=''
LTLIBOBJS=''
MAKEINFO='${SHELL} "/root/Desktop/srividya/FossLab/Compiling From Source/ant/hello-2.7/build-aux/missing" --run makeinfo'
MKDIR_P='/bin/mkdir -p'
MSGFMT=':'
MSGFMT_015=':'
MSGMERGE=':'
NEXT_AS_FIRST_DIRECTIVE_ERRNO_H=''
NEXT_AS_FIRST_DIRECTIVE_GETOPT_H='<getopt.h>'
NEXT_AS_FIRST_DIRECTIVE_STDDEF_H=''
NEXT_AS_FIRST_DIRECTIVE_STRING_H='<string.h>'
NEXT_AS_FIRST_DIRECTIVE_UNISTD_H='<unistd.h>'
NEXT_AS_FIRST_DIRECTIVE_WCHAR_H='<wchar.h>'
NEXT_AS_FIRST_DIRECTIVE_WCTYPE_H='<wctype.h>'
NEXT_ERRNO_H=''
NEXT_GETOPT_H='<getopt.h>'
NEXT_STDDEF_H=''
NEXT_STRING_H='<string.h>'
NEXT_UNISTD_H='<unistd.h>'
NEXT_WCHAR_H='<wchar.h>'
NEXT_WCTYPE_H='<wctype.h>'
OBJEXT='o'
PACKAGE='hello'
PACKAGE_BUGREPORT='bug-hello@gnu.org'
PACKAGE_NAME='GNU Hello'
PACKAGE_STRING='GNU Hello 2.7'
PACKAGE_TARNAME='hello'
PACKAGE_URL='http://www.gnu.org/software/hello/'
PACKAGE_VERSION='2.7'
PATH_SEPARATOR=':'
POSUB='po'
PRAGMA_COLUMNS=''
PRAGMA_SYSTEM_HEADER='#pragma GCC system_header'
RANLIB='ranlib'
REPLACE_BTOWC='0'
REPLACE_CHOWN='0'
REPLACE_CLOSE='0'
REPLACE_DUP2='0'
REPLACE_DUP='0'
REPLACE_FCHOWNAT='0'
REPLACE_GETCWD='0'
REPLACE_GETDOMAINNAME='0'
REPLACE_GETGROUPS='0'
REPLACE_GETLOGIN_R='0'
REPLACE_GETPAGESIZE='0'
REPLACE_ISWBLANK='0'
REPLACE_ISWCNTRL='0'
REPLACE_LCHOWN='0'
REPLACE_LINK='0'
REPLACE_LINKAT='0'
REPLACE_LSEEK='0'
REPLACE_MBRLEN='0'
REPLACE_MBRTOWC='0'
REPLACE_MBSINIT='0'
REPLACE_MBSNRTOWCS='0'
REPLACE_MBSRTOWCS='0'
REPLACE_MBSTATE_T='0'
REPLACE_MEMCHR='0'
REPLACE_MEMMEM='0'
REPLACE_NULL='0'
REPLACE_PREAD='0'
REPLACE_PWRITE='0'
REPLACE_READLINK='0'
REPLACE_RMDIR='0'
REPLACE_SLEEP='0'
REPLACE_STPNCPY='0'
REPLACE_STRCASESTR='0'
REPLACE_STRDUP='0'
REPLACE_STRERROR='0'
REPLACE_STRERROR_R='0'
REPLACE_STRNCAT='0'
REPLACE_STRNDUP='0'
REPLACE_STRNLEN='0'
REPLACE_STRSIGNAL='0'
REPLACE_STRSTR='0'
REPLACE_STRTOK_R='0'
REPLACE_SYMLINK='0'
REPLACE_TTYNAME_R='0'
REPLACE_UNLINK='0'
REPLACE_UNLINKAT='0'
REPLACE_USLEEP='0'
REPLACE_WCRTOMB='0'
REPLACE_WCSNRTOMBS='0'
REPLACE_WCSRTOMBS='0'
REPLACE_WCSWIDTH='0'
REPLACE_WCTOB='0'
REPLACE_WCWIDTH='0'
REPLACE_WRITE='0'
SET_MAKE=''
SHELL='/bin/bash'
STDBOOL_H=''
STDDEF_H=''
STRIP=''
UNDEFINE_STRTOK_R='0'
UNISTD_H_HAVE_WINSOCK2_H='0'
UNISTD_H_HAVE_WINSOCK2_H_AND_USE_SOCKETS='0'
USE_NLS='yes'
VERSION='2.7'
XGETTEXT=':'
XGETTEXT_015=':'
XGETTEXT_EXTRA_OPTIONS=' --flag=error:3:c-format --flag=error_at_line:5:c-format'
ac_ct_CC='gcc'
am__EXEEXT_FALSE=''
am__EXEEXT_TRUE='#'
am__fastdepCC_FALSE='#'
am__fastdepCC_TRUE=''
am__include='include'
am__isrc=''
am__leading_dot='.'
am__quote=''
am__tar='${AMTAR} chof - "$$tardir"'
am__untar='${AMTAR} xf -'
bindir='${exec_prefix}/bin'
build='x86_64-unknown-linux-gnu'
build_alias=''
build_cpu='x86_64'
build_os='linux-gnu'
build_vendor='unknown'
datadir='${datarootdir}'
datarootdir='${prefix}/share'
docdir='${datarootdir}/doc/${PACKAGE_TARNAME}'
dvidir='${docdir}'
exec_prefix='${prefix}'
gl_LIBOBJS=' close-stream.o closeout.o quotearg.o xmalloc.o'
gl_LTLIBOBJS=' close-stream.lo closeout.lo quotearg.lo xmalloc.lo'
gltests_LIBOBJS=''
gltests_LTLIBOBJS=''
gltests_WITNESS='IN_HELLO_GNULIB_TESTS'
host='x86_64-unknown-linux-gnu'
host_alias=''
host_cpu='x86_64'
host_os='linux-gnu'
host_vendor='unknown'
htmldir='${docdir}'
includedir='${prefix}/include'
infodir='${datarootdir}/info'
install_sh='${SHELL} '\''/root/Desktop/srividya/FossLab/Compiling From Source/ant/hello-2.7/build-aux/install-sh'\'''
libdir='${exec_prefix}/lib'
libexecdir='${exec_prefix}/libexec'
lispdir='${datarootdir}/emacs/site-lisp'
localedir='${datarootdir}/locale'
localstatedir='${prefix}/var'
mandir='${datarootdir}/man'
mkdir_p='/bin/mkdir -p'
oldincludedir='/usr/include'
pdfdir='${docdir}'
pkglibexecdir='${libexecdir}/${PACKAGE}'
prefix='/usr/local'
program_transform_name='s,x,x,'
psdir='${docdir}'
sbindir='${exec_prefix}/sbin'
sharedstatedir='${prefix}/com'
sysconfdir='${prefix}/etc'
target_alias=''

## ----------- ##
## confdefs.h. ##
## ----------- ##

/* confdefs.h */
#define PACKAGE_NAME "GNU Hello"
#define PACKAGE_TARNAME "hello"
#define PACKAGE_VERSION "2.7"
#define PACKAGE_STRING "GNU Hello 2.7"
#define PACKAGE_BUGREPORT "bug-hello@gnu.org"
#define PACKAGE_URL "http://www.gnu.org/software/hello/"
#define PACKAGE "hello"
#define VERSION "2.7"
#define STDC_HEADERS 1
#define HAVE_SYS_TYPES_H 1
#define HAVE_SYS_STAT_H 1
#define HAVE_STDLIB_H 1
#define HAVE_STRING_H 1
#define HAVE_MEMORY_H 1
#define HAVE_STRINGS_H 1
#define HAVE_INTTYPES_H 1
#define HAVE_STDINT_H 1
#define HAVE_UNISTD_H 1
#define __EXTENSIONS__ 1
#define _ALL_SOURCE 1
#define _GNU_SOURCE 1
#define _POSIX_PTHREAD_SEMANTICS 1
#define _TANDEM_SOURCE 1
#define HAVE_DECL_STRERROR_R 1
#define HAVE_STRERROR_R 1
#define STRERROR_R_CHAR_P 1
#define HAVE_STDIO_EXT_H 1
#define HAVE_GETOPT_H 1
#define HAVE_SYS_SOCKET_H 1
#define HAVE_UNISTD_H 1
#define HAVE_WCHAR_H 1
#define HAVE_FEATURES_H 1
#define HAVE_WCTYPE_H 1
#define HAVE___FPENDING 1
#define HAVE_MBSINIT 1
#define HAVE_MBRTOWC 1
#define HAVE_ISWCNTRL 1
#define HAVE_GETOPT_H 1
#define HAVE_GETOPT_LONG_ONLY 1
#define HAVE_DECL_GETENV 1
#define HAVE_LANGINFO_CODESET 1
#define HAVE_WORKING_O_NOATIME 1
#define HAVE_WORKING_O_NOFOLLOW 1
#define HAVE_DECL_GETC_UNLOCKED 1
#define HAVE_MBSTATE_T 1
#define HAVE__BOOL 1
#define HAVE_WCHAR_T 1
#define restrict __restrict
#define HAVE_RAW_DECL_MEMMEM 1
#define HAVE_RAW_DECL_MEMPCPY 1
#define HAVE_RAW_DECL_MEMRCHR 1
#define HAVE_RAW_DECL_RAWMEMCHR 1
#define HAVE_RAW_DECL_STPCPY 1
#define HAVE_RAW_DECL_STPNCPY 1
#define HAVE_RAW_DECL_STRCHRNUL 1
#define HAVE_RAW_DECL_STRDUP 1
#define HAVE_RAW_DECL_STRNCAT 1
#define HAVE_RAW_DECL_STRNDUP 1
#define HAVE_RAW_DECL_STRNLEN 1
#define HAVE_RAW_DECL_STRPBRK 1
#define HAVE_RAW_DECL_STRSEP 1
#define HAVE_RAW_DECL_STRCASESTR 1
#define HAVE_RAW_DECL_STRTOK_R 1
#define HAVE_RAW_DECL_STRERROR_R 1
#define HAVE_RAW_DECL_STRSIGNAL 1
#define HAVE_RAW_DECL_STRVERSCMP 1
#define HAVE_WINT_T 1
#define GNULIB_CLOSE_STREAM 1
#define HAVE_DECL___FPENDING 1
#define GNULIB_TEST_GETOPT_GNU 1
#define HAVE_INLINE 1
#define GNULIB_TEST_MBRTOWC 1
#define GNULIB_TEST_MBSINIT 1
#define GNULIB_TEST_STRERROR 1
#define HAVE_RAW_DECL_CHOWN 1
#define HAVE_RAW_DECL_DUP2 1
#define HAVE_RAW_DECL_DUP3 1
#define HAVE_RAW_DECL_ENVIRON 1
#define HAVE_RAW_DECL_EUIDACCESS 1
#define HAVE_RAW_DECL_FACCESSAT 1
#define HAVE_RAW_DECL_FCHDIR 1
#define HAVE_RAW_DECL_FCHOWNAT 1
#define HAVE_RAW_DECL_FSYNC 1
#define HAVE_RAW_DECL_FTRUNCATE 1
#define HAVE_RAW_DECL_GETCWD 1
#define HAVE_RAW_DECL_GETDOMAINNAME 1
#define HAVE_RAW_DECL_GETDTABLESIZE 1
#define HAVE_RAW_DECL_GETGROUPS 1
#define HAVE_RAW_DECL_GETHOSTNAME 1
#define HAVE_RAW_DECL_GETLOGIN 1
#define HAVE_RAW_DECL_GETLOGIN_R 1
#define HAVE_RAW_DECL_GETPAGESIZE 1
#define HAVE_RAW_DECL_GETUSERSHELL 1
#define HAVE_RAW_DECL_SETUSERSHELL 1
#define HAVE_RAW_DECL_ENDUSERSHELL 1
#define HAVE_RAW_DECL_LCHOWN 1
#define HAVE_RAW_DECL_LINK 1
#define HAVE_RAW_DECL_LINKAT 1
#define HAVE_RAW_DECL_LSEEK 1
#define HAVE_RAW_DECL_PIPE 1
#define HAVE_RAW_DECL_PIPE2 1
#define HAVE_RAW_DECL_PREAD 1
#define HAVE_RAW_DECL_PWRITE 1
#define HAVE_RAW_DECL_READLINK 1
#define HAVE_RAW_DECL_READLINKAT 1
#define HAVE_RAW_DECL_RMDIR 1
#define HAVE_RAW_DECL_SLEEP 1
#define HAVE_RAW_DECL_SYMLINK 1
#define HAVE_RAW_DECL_SYMLINKAT 1
#define HAVE_RAW_DECL_TTYNAME_R 1
#define HAVE_RAW_DECL_UNLINK 1
#define HAVE_RAW_DECL_UNLINKAT 1
#define HAVE_RAW_DECL_USLEEP 1
#define HAVE_RAW_DECL_BTOWC 1
#define HAVE_RAW_DECL_WCTOB 1
#define HAVE_RAW_DECL_MBSINIT 1
#define HAVE_RAW_DECL_MBRTOWC 1
#define HAVE_RAW_DECL_MBRLEN 1
#define HAVE_RAW_DECL_MBSRTOWCS 1
#define HAVE_RAW_DECL_MBSNRTOWCS 1
#define HAVE_RAW_DECL_WCRTOMB 1
#define HAVE_RAW_DECL_WCSRTOMBS 1
#define HAVE_RAW_DECL_WCSNRTOMBS 1
#define HAVE_RAW_DECL_WCWIDTH 1
#define HAVE_RAW_DECL_WMEMCHR 1
#define HAVE_RAW_DECL_WMEMCMP 1
#define HAVE_RAW_DECL_WMEMCPY 1
#define HAVE_RAW_DECL_WMEMMOVE 1
#define HAVE_RAW_DECL_WMEMSET 1
#define HAVE_RAW_DECL_WCSLEN 1
#define HAVE_RAW_DECL_WCSNLEN 1
#define HAVE_RAW_DECL_WCSCPY 1
#define HAVE_RAW_DECL_WCPCPY 1
#define HAVE_RAW_DECL_WCSNCPY 1
#define HAVE_RAW_DECL_WCPNCPY 1
#define HAVE_RAW_DECL_WCSCAT 1
#define HAVE_RAW_DECL_WCSNCAT 1
#define HAVE_RAW_DECL_WCSCMP 1
#define HAVE_RAW_DECL_WCSNCMP 1
#define HAVE_RAW_DECL_WCSCASECMP 1
#define HAVE_RAW_DECL_WCSNCASECMP 1
#define HAVE_RAW_DECL_WCSCOLL 1
#define HAVE_RAW_DECL_WCSXFRM 1
#define HAVE_RAW_DECL_WCSDUP 1
#define HAVE_RAW_DECL_WCSCHR 1
#define HAVE_RAW_DECL_WCSRCHR 1
#define HAVE_RAW_DECL_WCSCSPN 1
#define HAVE_RAW_DECL_WCSSPN 1
#define HAVE_RAW_DECL_WCSPBRK 1
#define HAVE_RAW_DECL_WCSSTR 1
#define HAVE_RAW_DECL_WCSTOK 1
#define HAVE_RAW_DECL_WCSWIDTH 1
#define HAVE_RAW_DECL_WCTYPE 1
#define HAVE_RAW_DECL_ISWCTYPE 1
#define HAVE_RAW_DECL_WCTRANS 1
#define HAVE_RAW_DECL_TOWCTRANS 1
#define ENABLE_NLS 1
#define HAVE_GETTEXT 1
#define HAVE_DCGETTEXT 1

configure: exit 0
